2022-07-23T16:01:13+00:00 DEBUG <------------------- WebToffee PayPal Express Payment ( Setting Express Checkout ) ------------------->
stdClass Object
(
    [METHOD] => SetExpressCheckout
    [RETURNURL] => http://localhost/test02/wc-api/Eh_PayPal_Express_Payment/?c=express_details&express=false&p=http://localhost/test02/checkout/
    [CANCELURL] => http://localhost/test02/checkout/?cancel_express_checkout=cancel
    [ADDROVERRIDE] => 
    [BRANDNAME] => banhangonline
    [HDRIMG] => 
    [LOGOIMG] => 
    [SOLUTIONTYPE] => Sole
    [LOCALECODE] => en_US
    [LANDINGPAGE] => Billing
    [L_PAYMENTREQUEST_0_NAME0] => BALTHUS PAINTER'S JACKET
    [L_PAYMENTREQUEST_0_DESC0] => Color : be, Size : l
    [L_PAYMENTREQUEST_0_AMT0] => 250
    [L_PAYMENTREQUEST_0_QTY0] => 1
    [L_PAYMENTREQUEST_0_ITEMURL0] => http://localhost/test02/product/balthus-painters-jacket-2/?attribute_pa_color=be&attribute_pa_size=l
    [L_PAYMENTREQUEST_0_NAME1] => BALTHUS PAINTER'S JACKET
    [L_PAYMENTREQUEST_0_DESC1] => Color : be, Size : l
    [L_PAYMENTREQUEST_0_AMT1] => 250
    [L_PAYMENTREQUEST_0_QTY1] => 1
    [L_PAYMENTREQUEST_0_ITEMURL1] => http://localhost/test02/product/balthus-painters-jacket-3/?attribute_pa_color=be&attribute_pa_size=l
    [L_PAYMENTREQUEST_0_NAME2] => Discount
    [L_PAYMENTREQUEST_0_DESC2] => test3
    [L_PAYMENTREQUEST_0_QTY2] => 1
    [L_PAYMENTREQUEST_0_AMT2] => -100
    [PAYMENTREQUEST_0_AMT] => 410
    [PAYMENTREQUEST_0_CURRENCYCODE] => USD
    [PAYMENTREQUEST_0_ITEMAMT] => 400
    [PAYMENTREQUEST_0_SHIPPINGAMT] => 10
    [PAYMENTREQUEST_0_TAXAMT] => 0
    [PAYMENTREQUEST_0_SHIPDISCAMT] => 0
    [PAYMENTREQUEST_0_PAYMENTACTION] => Sale
    [MAXAMT] => 718
    [PAYMENTREQUEST_0_SHIPTONAME] => phamtuanduc dsa
    [PAYMENTREQUEST_0_SHIPTOSTREET] => Quang Trung, Ha Dong, Ha Noi
    [PAYMENTREQUEST_0_SHIPTOSTREET2] => 
    [PAYMENTREQUEST_0_SHIPTOCITY] => Ha Noi
    [PAYMENTREQUEST_0_SHIPTOSTATE] => 
    [PAYMENTREQUEST_0_SHIPTOZIP] => EEEEEE
    [PAYMENTREQUEST_0_SHIPTOCOUNTRYCODE] => VN
    [PAYMENTREQUEST_0_SHIPTOPHONENUM] => 111111111111
    [PAYMENTREQUEST_0_NOTETEXT] => 
    [PAYMENTREQUEST_0_EMAIL] => tuanduc10102001@gmail.com
    [PAYMENTREQUEST_0_PAYMENTREQUESTID] => 
)

2022-07-23T16:01:15+00:00 DEBUG <------------------- WebToffee PayPal Express Payment ( Response on Express Start/Credit Start ) ------------------->
stdClass Object
(
    [TOKEN] => EC-6M8881665W155030D
    [TIMESTAMP] => 2022-07-23T16:01:13Z
    [CORRELATIONID] => 93d22d347b7cc
    [ACK] => Success
    [BUILD] => 57255788
)

2022-07-23T16:01:30+00:00 DEBUG <------------------- WebToffee PayPal Express Payment ( Getting Express Checkout Details ) ------------------->
stdClass Object
(
    [METHOD] => GetExpressCheckoutDetails
    [TOKEN] => EC-6M8881665W155030D
)

2022-07-23T16:01:31+00:00 DEBUG <------------------- WebToffee PayPal Express Payment ( Response on Express Details ) ------------------->
stdClass Object
(
    [TOKEN] => EC-6M8881665W155030D
    [BILLINGAGREEMENTACCEPTEDSTATUS] => 0
    [CHECKOUTSTATUS] => PaymentActionNotInitiated
    [TIMESTAMP] => 2022-07-23T16:01:29Z
    [CORRELATIONID] => 31025824bcc00
    [ACK] => Success
    [BUILD] => 57255788
    [EMAIL] => sb-j0pjg18903611@personal.example.com
    [PAYERID] => TKPKRR78VSB42
    [PAYERSTATUS] => verified
    [FIRSTNAME] => John
    [LASTNAME] => Doe
    [COUNTRYCODE] => US
    [SHIPTONAME] => phamtuanduc dsa
    [SHIPTOSTREET] => Quang Trung, Ha Dong, Ha Noi
    [SHIPTOCITY] => Ha Noi
    [SHIPTOZIP] => EEEEEE
    [SHIPTOCOUNTRYCODE] => VN
    [SHIPTOPHONENUM] => 111111111111
    [SHIPTOCOUNTRYNAME] => Vietnam
    [ADDRESSSTATUS] => Confirmed
    [CURRENCYCODE] => USD
    [AMT] => 410.00
    [ITEMAMT] => 400.00
    [SHIPPINGAMT] => 10.00
    [HANDLINGAMT] => 0.00
    [TAXAMT] => 0.00
    [INSURANCEAMT] => 0.00
    [SHIPDISCAMT] => 0.00
    [INSURANCEOPTIONOFFERED] => false
    [L_NAME0] => BALTHUS PAINTER'S JACKET
    [L_NAME1] => BALTHUS PAINTER'S JACKET
    [L_NAME2] => Discount
    [L_QTY0] => 1
    [L_QTY1] => 1
    [L_QTY2] => 1
    [L_TAXAMT0] => 0.00
    [L_TAXAMT1] => 0.00
    [L_TAXAMT2] => 0.00
    [L_AMT0] => 250.00
    [L_AMT1] => 250.00
    [L_AMT2] => -100.00
    [L_DESC0] => Color : be, Size : l
    [L_DESC1] => Color : be, Size : l
    [L_DESC2] => test3
    [PAYMENTREQUEST_0_CURRENCYCODE] => USD
    [PAYMENTREQUEST_0_AMT] => 410.00
    [PAYMENTREQUEST_0_ITEMAMT] => 400.00
    [PAYMENTREQUEST_0_SHIPPINGAMT] => 10.00
    [PAYMENTREQUEST_0_HANDLINGAMT] => 0.00
    [PAYMENTREQUEST_0_TAXAMT] => 0.00
    [PAYMENTREQUEST_0_INSURANCEAMT] => 0.00
    [PAYMENTREQUEST_0_SHIPDISCAMT] => 0.00
    [PAYMENTREQUEST_0_SELLERPAYPALACCOUNTID] => sb-mj47ex18063965@business.example.com
    [PAYMENTREQUEST_0_INSURANCEOPTIONOFFERED] => false
    [PAYMENTREQUEST_0_SHIPTONAME] => phamtuanduc dsa
    [PAYMENTREQUEST_0_SHIPTOSTREET] => Quang Trung, Ha Dong, Ha Noi
    [PAYMENTREQUEST_0_SHIPTOCITY] => Ha Noi
    [PAYMENTREQUEST_0_SHIPTOZIP] => EEEEEE
    [PAYMENTREQUEST_0_SHIPTOCOUNTRYCODE] => VN
    [PAYMENTREQUEST_0_SHIPTOPHONENUM] => 111111111111
    [PAYMENTREQUEST_0_SHIPTOCOUNTRYNAME] => Vietnam
    [PAYMENTREQUEST_0_ADDRESSSTATUS] => Confirmed
    [L_PAYMENTREQUEST_0_NAME0] => BALTHUS PAINTER'S JACKET
    [L_PAYMENTREQUEST_0_NAME1] => BALTHUS PAINTER'S JACKET
    [L_PAYMENTREQUEST_0_NAME2] => Discount
    [L_PAYMENTREQUEST_0_QTY0] => 1
    [L_PAYMENTREQUEST_0_QTY1] => 1
    [L_PAYMENTREQUEST_0_QTY2] => 1
    [L_PAYMENTREQUEST_0_TAXAMT0] => 0.00
    [L_PAYMENTREQUEST_0_TAXAMT1] => 0.00
    [L_PAYMENTREQUEST_0_TAXAMT2] => 0.00
    [L_PAYMENTREQUEST_0_AMT0] => 250.00
    [L_PAYMENTREQUEST_0_AMT1] => 250.00
    [L_PAYMENTREQUEST_0_AMT2] => -100.00
    [L_PAYMENTREQUEST_0_DESC0] => Color : be, Size : l
    [L_PAYMENTREQUEST_0_DESC1] => Color : be, Size : l
    [L_PAYMENTREQUEST_0_DESC2] => test3
    [PAYMENTREQUESTINFO_0_ERRORCODE] => 0
)

2022-07-23T16:01:31+00:00 DEBUG <------------------- WebToffee PayPal Express Payment ( Processing Express Checkout ) ------------------->
stdClass Object
(
    [METHOD] => DoExpressCheckoutPayment
    [TOKEN] => EC-6M8881665W155030D
    [PAYERID] => TKPKRR78VSB42
    [BUTTONSOURCE] => WebToffee PE Checkout
    [L_PAYMENTREQUEST_0_NAME0] => BALTHUS PAINTER'S JACKET - Be, L
    [L_PAYMENTREQUEST_0_DESC0] => 
    [L_PAYMENTREQUEST_0_AMT0] => 250
    [L_PAYMENTREQUEST_0_QTY0] => 1
    [L_PAYMENTREQUEST_0_NAME1] => BALTHUS PAINTER'S JACKET - Be, L
    [L_PAYMENTREQUEST_0_DESC1] => 
    [L_PAYMENTREQUEST_0_AMT1] => 250
    [L_PAYMENTREQUEST_0_QTY1] => 1
    [L_PAYMENTREQUEST_0_NAME2] => Discount
    [L_PAYMENTREQUEST_0_DESC2] => test3
    [L_PAYMENTREQUEST_0_QTY2] => 1
    [L_PAYMENTREQUEST_0_AMT2] => -100
    [PAYMENTREQUEST_0_AMT] => 410
    [PAYMENTREQUEST_0_CURRENCYCODE] => USD
    [PAYMENTREQUEST_0_ITEMAMT] => 400
    [PAYMENTREQUEST_0_SHIPPINGAMT] => 10
    [PAYMENTREQUEST_0_TAXAMT] => 0
    [PAYMENTREQUEST_0_SHIPDISCAMT] => 0
    [PAYMENTREQUEST_0_PAYMENTACTION] => Sale
    [PAYMENTREQUEST_0_INVNUM] => 896
    [PAYMENTREQUEST_0_PAYMENTREQUESTID] => 896
)

2022-07-23T16:01:35+00:00 DEBUG <------------------- WebToffee PayPal Express Payment ( Response on Finish Express ) ------------------->
stdClass Object
(
    [TOKEN] => EC-6M8881665W155030D
    [SUCCESSPAGEREDIRECTREQUESTED] => false
    [TIMESTAMP] => 2022-07-23T16:01:33Z
    [CORRELATIONID] => da4234ea5a1b7
    [ACK] => Success
    [BUILD] => 57255788
    [INSURANCEOPTIONSELECTED] => false
    [SHIPPINGOPTIONISDEFAULT] => false
    [PAYMENTINFO_0_TRANSACTIONID] => 1RT15956B98101006
    [PAYMENTINFO_0_TRANSACTIONTYPE] => cart
    [PAYMENTINFO_0_PAYMENTTYPE] => instant
    [PAYMENTINFO_0_ORDERTIME] => 2022-07-23T16:01:32Z
    [PAYMENTINFO_0_AMT] => 410.00
    [PAYMENTINFO_0_FEEAMT] => 14.80
    [PAYMENTINFO_0_TAXAMT] => 0.00
    [PAYMENTINFO_0_CURRENCYCODE] => USD
    [PAYMENTINFO_0_PAYMENTSTATUS] => Completed
    [PAYMENTINFO_0_PENDINGREASON] => None
    [PAYMENTINFO_0_REASONCODE] => None
    [PAYMENTINFO_0_PROTECTIONELIGIBILITY] => Eligible
    [PAYMENTINFO_0_PROTECTIONELIGIBILITYTYPE] => ItemNotReceivedEligible,UnauthorizedPaymentEligible
    [PAYMENTINFO_0_SELLERPAYPALACCOUNTID] => sb-mj47ex18063965@business.example.com
    [PAYMENTINFO_0_SECUREMERCHANTACCOUNTID] => QD8TKWFQPHNY4
    [PAYMENTINFO_0_PAYMENTREQUESTID] => 896
    [PAYMENTINFO_0_ERRORCODE] => 0
    [PAYMENTINFO_0_ACK] => Success
)

