2022-07-15T02:17:46+00:00 DEBUG <------------------- WebToffee PayPal Express Payment ( Setting Express Checkout ) ------------------->
stdClass Object
(
    [METHOD] => SetExpressCheckout
    [RETURNURL] => http://localhost/test02/wc-api/Eh_PayPal_Express_Payment/?c=express_details&express=false&p=http://localhost/test02/checkout/
    [CANCELURL] => http://localhost/test02/checkout/?cancel_express_checkout=cancel
    [ADDROVERRIDE] => 
    [BRANDNAME] => banhangonline
    [HDRIMG] => 
    [LOGOIMG] => 
    [SOLUTIONTYPE] => Sole
    [LOCALECODE] => en_US
    [LANDINGPAGE] => Billing
    [L_PAYMENTREQUEST_0_NAME0] => BALTHUS PAINTER'S JACKET
    [L_PAYMENTREQUEST_0_DESC0] => Color : be, Size : l
    [L_PAYMENTREQUEST_0_AMT0] => 100
    [L_PAYMENTREQUEST_0_QTY0] => 1
    [L_PAYMENTREQUEST_0_ITEMURL0] => http://localhost/test02/product/balthus-painters-jacket-7/?attribute_pa_color=be&attribute_pa_size=l
    [PAYMENTREQUEST_0_AMT] => 100
    [PAYMENTREQUEST_0_CURRENCYCODE] => USD
    [PAYMENTREQUEST_0_ITEMAMT] => 100
    [PAYMENTREQUEST_0_SHIPPINGAMT] => 0
    [PAYMENTREQUEST_0_TAXAMT] => 0
    [PAYMENTREQUEST_0_SHIPDISCAMT] => 0
    [PAYMENTREQUEST_0_PAYMENTACTION] => Sale
    [MAXAMT] => 175
    [PAYMENTREQUEST_0_SHIPTONAME] => phamtuanduc dsa
    [PAYMENTREQUEST_0_SHIPTOSTREET] => Quang Trung, Ha Dong, Ha Noi
    [PAYMENTREQUEST_0_SHIPTOSTREET2] => 
    [PAYMENTREQUEST_0_SHIPTOCITY] => Ha Noi
    [PAYMENTREQUEST_0_SHIPTOSTATE] => 
    [PAYMENTREQUEST_0_SHIPTOZIP] => EEEEEE
    [PAYMENTREQUEST_0_SHIPTOCOUNTRYCODE] => VN
    [PAYMENTREQUEST_0_SHIPTOPHONENUM] => 111111111111
    [PAYMENTREQUEST_0_NOTETEXT] => 
    [PAYMENTREQUEST_0_EMAIL] => tuanduc10102001@gmail.com
    [PAYMENTREQUEST_0_PAYMENTREQUESTID] => 
)

2022-07-15T02:17:47+00:00 DEBUG <------------------- WebToffee PayPal Express Payment ( Response on Express Start/Credit Start ) ------------------->
stdClass Object
(
    [TOKEN] => EC-46886579NA841751W
    [TIMESTAMP] => 2022-07-15T02:17:47Z
    [CORRELATIONID] => c8afea71b4bbf
    [ACK] => Success
    [BUILD] => 57255788
)

2022-07-15T02:18:10+00:00 DEBUG <------------------- WebToffee PayPal Express Payment ( Getting Express Checkout Details ) ------------------->
stdClass Object
(
    [METHOD] => GetExpressCheckoutDetails
    [TOKEN] => EC-46886579NA841751W
)

2022-07-15T02:18:11+00:00 DEBUG <------------------- WebToffee PayPal Express Payment ( Response on Express Details ) ------------------->
stdClass Object
(
    [TOKEN] => EC-46886579NA841751W
    [BILLINGAGREEMENTACCEPTEDSTATUS] => 0
    [CHECKOUTSTATUS] => PaymentActionNotInitiated
    [TIMESTAMP] => 2022-07-15T02:18:11Z
    [CORRELATIONID] => 85574b240b41a
    [ACK] => Success
    [BUILD] => 57255788
    [EMAIL] => sb-j0pjg18903611@personal.example.com
    [PAYERID] => TKPKRR78VSB42
    [PAYERSTATUS] => verified
    [FIRSTNAME] => John
    [LASTNAME] => Doe
    [COUNTRYCODE] => US
    [SHIPTONAME] => phamtuanduc dsa
    [SHIPTOSTREET] => Quang Trung, Ha Dong, Ha Noi
    [SHIPTOCITY] => Ha Noi
    [SHIPTOZIP] => EEEEEE
    [SHIPTOCOUNTRYCODE] => VN
    [SHIPTOPHONENUM] => 111111111111
    [SHIPTOCOUNTRYNAME] => Vietnam
    [ADDRESSSTATUS] => Confirmed
    [CURRENCYCODE] => USD
    [AMT] => 100.00
    [ITEMAMT] => 100.00
    [SHIPPINGAMT] => 0.00
    [HANDLINGAMT] => 0.00
    [TAXAMT] => 0.00
    [INSURANCEAMT] => 0.00
    [SHIPDISCAMT] => 0.00
    [INSURANCEOPTIONOFFERED] => false
    [L_NAME0] => BALTHUS PAINTER'S JACKET
    [L_QTY0] => 1
    [L_TAXAMT0] => 0.00
    [L_AMT0] => 100.00
    [L_DESC0] => Color : be, Size : l
    [PAYMENTREQUEST_0_CURRENCYCODE] => USD
    [PAYMENTREQUEST_0_AMT] => 100.00
    [PAYMENTREQUEST_0_ITEMAMT] => 100.00
    [PAYMENTREQUEST_0_SHIPPINGAMT] => 0.00
    [PAYMENTREQUEST_0_HANDLINGAMT] => 0.00
    [PAYMENTREQUEST_0_TAXAMT] => 0.00
    [PAYMENTREQUEST_0_INSURANCEAMT] => 0.00
    [PAYMENTREQUEST_0_SHIPDISCAMT] => 0.00
    [PAYMENTREQUEST_0_SELLERPAYPALACCOUNTID] => sb-mj47ex18063965@business.example.com
    [PAYMENTREQUEST_0_INSURANCEOPTIONOFFERED] => false
    [PAYMENTREQUEST_0_SHIPTONAME] => phamtuanduc dsa
    [PAYMENTREQUEST_0_SHIPTOSTREET] => Quang Trung, Ha Dong, Ha Noi
    [PAYMENTREQUEST_0_SHIPTOCITY] => Ha Noi
    [PAYMENTREQUEST_0_SHIPTOZIP] => EEEEEE
    [PAYMENTREQUEST_0_SHIPTOCOUNTRYCODE] => VN
    [PAYMENTREQUEST_0_SHIPTOPHONENUM] => 111111111111
    [PAYMENTREQUEST_0_SHIPTOCOUNTRYNAME] => Vietnam
    [PAYMENTREQUEST_0_ADDRESSSTATUS] => Confirmed
    [L_PAYMENTREQUEST_0_NAME0] => BALTHUS PAINTER'S JACKET
    [L_PAYMENTREQUEST_0_QTY0] => 1
    [L_PAYMENTREQUEST_0_TAXAMT0] => 0.00
    [L_PAYMENTREQUEST_0_AMT0] => 100.00
    [L_PAYMENTREQUEST_0_DESC0] => Color : be, Size : l
    [PAYMENTREQUESTINFO_0_ERRORCODE] => 0
)

2022-07-15T02:18:11+00:00 DEBUG <------------------- WebToffee PayPal Express Payment ( Processing Express Checkout ) ------------------->
stdClass Object
(
    [METHOD] => DoExpressCheckoutPayment
    [TOKEN] => EC-46886579NA841751W
    [PAYERID] => TKPKRR78VSB42
    [BUTTONSOURCE] => WebToffee PE Checkout
    [L_PAYMENTREQUEST_0_NAME0] => BALTHUS PAINTER'S JACKET - Be, L
    [L_PAYMENTREQUEST_0_DESC0] => 
    [L_PAYMENTREQUEST_0_AMT0] => 100
    [L_PAYMENTREQUEST_0_QTY0] => 1
    [PAYMENTREQUEST_0_AMT] => 100
    [PAYMENTREQUEST_0_CURRENCYCODE] => USD
    [PAYMENTREQUEST_0_ITEMAMT] => 100
    [PAYMENTREQUEST_0_SHIPPINGAMT] => 0
    [PAYMENTREQUEST_0_TAXAMT] => 0
    [PAYMENTREQUEST_0_SHIPDISCAMT] => 0
    [PAYMENTREQUEST_0_PAYMENTACTION] => Sale
    [PAYMENTREQUEST_0_INVNUM] => 714
    [PAYMENTREQUEST_0_PAYMENTREQUESTID] => 714
)

2022-07-15T02:18:14+00:00 DEBUG <------------------- WebToffee PayPal Express Payment ( Response on Finish Express ) ------------------->
stdClass Object
(
    [TOKEN] => EC-46886579NA841751W
    [SUCCESSPAGEREDIRECTREQUESTED] => false
    [TIMESTAMP] => 2022-07-15T02:18:14Z
    [CORRELATIONID] => 5988484653eda
    [ACK] => Success
    [BUILD] => 57255788
    [INSURANCEOPTIONSELECTED] => false
    [SHIPPINGOPTIONISDEFAULT] => false
    [PAYMENTINFO_0_TRANSACTIONID] => 5L5857246E912601K
    [PAYMENTINFO_0_TRANSACTIONTYPE] => cart
    [PAYMENTINFO_0_PAYMENTTYPE] => instant
    [PAYMENTINFO_0_ORDERTIME] => 2022-07-15T02:18:13Z
    [PAYMENTINFO_0_AMT] => 100.00
    [PAYMENTINFO_0_FEEAMT] => 3.98
    [PAYMENTINFO_0_TAXAMT] => 0.00
    [PAYMENTINFO_0_CURRENCYCODE] => USD
    [PAYMENTINFO_0_PAYMENTSTATUS] => Completed
    [PAYMENTINFO_0_PENDINGREASON] => None
    [PAYMENTINFO_0_REASONCODE] => None
    [PAYMENTINFO_0_PROTECTIONELIGIBILITY] => Eligible
    [PAYMENTINFO_0_PROTECTIONELIGIBILITYTYPE] => ItemNotReceivedEligible,UnauthorizedPaymentEligible
    [PAYMENTINFO_0_SELLERPAYPALACCOUNTID] => sb-mj47ex18063965@business.example.com
    [PAYMENTINFO_0_SECUREMERCHANTACCOUNTID] => QD8TKWFQPHNY4
    [PAYMENTINFO_0_PAYMENTREQUESTID] => 714
    [PAYMENTINFO_0_ERRORCODE] => 0
    [PAYMENTINFO_0_ACK] => Success
)

