2022-07-17T03:44:47+00:00 DEBUG <------------------- WebToffee PayPal Express Payment ( Setting Express Checkout ) ------------------->
stdClass Object
(
    [METHOD] => SetExpressCheckout
    [RETURNURL] => http://localhost/test02/wc-api/Eh_PayPal_Express_Payment/?c=express_details&express=false&p=http://localhost/test02/checkout/
    [CANCELURL] => http://localhost/test02/checkout/?cancel_express_checkout=cancel
    [ADDROVERRIDE] => 
    [BRANDNAME] => banhangonline
    [HDRIMG] => 
    [LOGOIMG] => 
    [SOLUTIONTYPE] => Sole
    [LOCALECODE] => en_US
    [LANDINGPAGE] => Billing
    [L_PAYMENTREQUEST_0_NAME0] => BALTHUS PAINTER'S JACKET
    [L_PAYMENTREQUEST_0_DESC0] => Color : be, Size : l
    [L_PAYMENTREQUEST_0_AMT0] => 250
    [L_PAYMENTREQUEST_0_QTY0] => 2
    [L_PAYMENTREQUEST_0_ITEMURL0] => http://localhost/test02/product/balthus-painters-jacket-2/?attribute_pa_color=be&attribute_pa_size=l
    [PAYMENTREQUEST_0_AMT] => 500
    [PAYMENTREQUEST_0_CURRENCYCODE] => USD
    [PAYMENTREQUEST_0_ITEMAMT] => 500
    [PAYMENTREQUEST_0_SHIPPINGAMT] => 0
    [PAYMENTREQUEST_0_TAXAMT] => 0
    [PAYMENTREQUEST_0_SHIPDISCAMT] => 0
    [PAYMENTREQUEST_0_PAYMENTACTION] => Sale
    [MAXAMT] => 875
    [PAYMENTREQUEST_0_SHIPTONAME] => phamtuanduc dsa
    [PAYMENTREQUEST_0_SHIPTOSTREET] => Quang Trung, Ha Dong, Ha Noi
    [PAYMENTREQUEST_0_SHIPTOSTREET2] => 
    [PAYMENTREQUEST_0_SHIPTOCITY] => Ha Noi
    [PAYMENTREQUEST_0_SHIPTOSTATE] => 
    [PAYMENTREQUEST_0_SHIPTOZIP] => EEEEEE
    [PAYMENTREQUEST_0_SHIPTOCOUNTRYCODE] => VN
    [PAYMENTREQUEST_0_SHIPTOPHONENUM] => 111111111111
    [PAYMENTREQUEST_0_NOTETEXT] => 
    [PAYMENTREQUEST_0_EMAIL] => tuanduc10102001@gmail.com
    [PAYMENTREQUEST_0_PAYMENTREQUESTID] => 
)

2022-07-17T03:44:49+00:00 DEBUG <------------------- WebToffee PayPal Express Payment ( Response on Express Start/Credit Start ) ------------------->
stdClass Object
(
    [TOKEN] => EC-6U633792T2546092M
    [TIMESTAMP] => 2022-07-17T03:44:48Z
    [CORRELATIONID] => 44db8b4ae01cc
    [ACK] => Success
    [BUILD] => 57255788
)

2022-07-17T03:45:14+00:00 DEBUG <------------------- WebToffee PayPal Express Payment ( Getting Express Checkout Details ) ------------------->
stdClass Object
(
    [METHOD] => GetExpressCheckoutDetails
    [TOKEN] => EC-6U633792T2546092M
)

2022-07-17T03:45:15+00:00 DEBUG <------------------- WebToffee PayPal Express Payment ( Response on Express Details ) ------------------->
stdClass Object
(
    [TOKEN] => EC-6U633792T2546092M
    [BILLINGAGREEMENTACCEPTEDSTATUS] => 0
    [CHECKOUTSTATUS] => PaymentActionNotInitiated
    [TIMESTAMP] => 2022-07-17T03:45:13Z
    [CORRELATIONID] => c04d7b061b319
    [ACK] => Success
    [BUILD] => 57255788
    [EMAIL] => sb-j0pjg18903611@personal.example.com
    [PAYERID] => TKPKRR78VSB42
    [PAYERSTATUS] => verified
    [FIRSTNAME] => John
    [LASTNAME] => Doe
    [COUNTRYCODE] => US
    [SHIPTONAME] => phamtuanduc dsa
    [SHIPTOSTREET] => Quang Trung, Ha Dong, Ha Noi
    [SHIPTOCITY] => Ha Noi
    [SHIPTOZIP] => EEEEEE
    [SHIPTOCOUNTRYCODE] => VN
    [SHIPTOPHONENUM] => 111111111111
    [SHIPTOCOUNTRYNAME] => Vietnam
    [ADDRESSSTATUS] => Confirmed
    [CURRENCYCODE] => USD
    [AMT] => 500.00
    [ITEMAMT] => 500.00
    [SHIPPINGAMT] => 0.00
    [HANDLINGAMT] => 0.00
    [TAXAMT] => 0.00
    [INSURANCEAMT] => 0.00
    [SHIPDISCAMT] => 0.00
    [INSURANCEOPTIONOFFERED] => false
    [L_NAME0] => BALTHUS PAINTER'S JACKET
    [L_QTY0] => 2
    [L_TAXAMT0] => 0.00
    [L_AMT0] => 250.00
    [L_DESC0] => Color : be, Size : l
    [PAYMENTREQUEST_0_CURRENCYCODE] => USD
    [PAYMENTREQUEST_0_AMT] => 500.00
    [PAYMENTREQUEST_0_ITEMAMT] => 500.00
    [PAYMENTREQUEST_0_SHIPPINGAMT] => 0.00
    [PAYMENTREQUEST_0_HANDLINGAMT] => 0.00
    [PAYMENTREQUEST_0_TAXAMT] => 0.00
    [PAYMENTREQUEST_0_INSURANCEAMT] => 0.00
    [PAYMENTREQUEST_0_SHIPDISCAMT] => 0.00
    [PAYMENTREQUEST_0_SELLERPAYPALACCOUNTID] => sb-mj47ex18063965@business.example.com
    [PAYMENTREQUEST_0_INSURANCEOPTIONOFFERED] => false
    [PAYMENTREQUEST_0_SHIPTONAME] => phamtuanduc dsa
    [PAYMENTREQUEST_0_SHIPTOSTREET] => Quang Trung, Ha Dong, Ha Noi
    [PAYMENTREQUEST_0_SHIPTOCITY] => Ha Noi
    [PAYMENTREQUEST_0_SHIPTOZIP] => EEEEEE
    [PAYMENTREQUEST_0_SHIPTOCOUNTRYCODE] => VN
    [PAYMENTREQUEST_0_SHIPTOPHONENUM] => 111111111111
    [PAYMENTREQUEST_0_SHIPTOCOUNTRYNAME] => Vietnam
    [PAYMENTREQUEST_0_ADDRESSSTATUS] => Confirmed
    [L_PAYMENTREQUEST_0_NAME0] => BALTHUS PAINTER'S JACKET
    [L_PAYMENTREQUEST_0_QTY0] => 2
    [L_PAYMENTREQUEST_0_TAXAMT0] => 0.00
    [L_PAYMENTREQUEST_0_AMT0] => 250.00
    [L_PAYMENTREQUEST_0_DESC0] => Color : be, Size : l
    [PAYMENTREQUESTINFO_0_ERRORCODE] => 0
)

2022-07-17T03:45:16+00:00 DEBUG <------------------- WebToffee PayPal Express Payment ( Processing Express Checkout ) ------------------->
stdClass Object
(
    [METHOD] => DoExpressCheckoutPayment
    [TOKEN] => EC-6U633792T2546092M
    [PAYERID] => TKPKRR78VSB42
    [BUTTONSOURCE] => WebToffee PE Checkout
    [L_PAYMENTREQUEST_0_NAME0] => BALTHUS PAINTER'S JACKET - Be, L
    [L_PAYMENTREQUEST_0_DESC0] => 
    [L_PAYMENTREQUEST_0_AMT0] => 250
    [L_PAYMENTREQUEST_0_QTY0] => 2
    [PAYMENTREQUEST_0_AMT] => 500
    [PAYMENTREQUEST_0_CURRENCYCODE] => USD
    [PAYMENTREQUEST_0_ITEMAMT] => 500
    [PAYMENTREQUEST_0_SHIPPINGAMT] => 0
    [PAYMENTREQUEST_0_TAXAMT] => 0
    [PAYMENTREQUEST_0_SHIPDISCAMT] => 0
    [PAYMENTREQUEST_0_PAYMENTACTION] => Sale
    [PAYMENTREQUEST_0_INVNUM] => 771
    [PAYMENTREQUEST_0_PAYMENTREQUESTID] => 771
)

2022-07-17T03:45:18+00:00 DEBUG <------------------- WebToffee PayPal Express Payment ( Response on Finish Express ) ------------------->
stdClass Object
(
    [TOKEN] => EC-6U633792T2546092M
    [SUCCESSPAGEREDIRECTREQUESTED] => false
    [TIMESTAMP] => 2022-07-17T03:45:17Z
    [CORRELATIONID] => 631936f150825
    [ACK] => Success
    [BUILD] => 57255788
    [INSURANCEOPTIONSELECTED] => false
    [SHIPPINGOPTIONISDEFAULT] => false
    [PAYMENTINFO_0_TRANSACTIONID] => 99635213P1175430S
    [PAYMENTINFO_0_TRANSACTIONTYPE] => cart
    [PAYMENTINFO_0_PAYMENTTYPE] => instant
    [PAYMENTINFO_0_ORDERTIME] => 2022-07-17T03:45:16Z
    [PAYMENTINFO_0_AMT] => 500.00
    [PAYMENTINFO_0_FEEAMT] => 17.94
    [PAYMENTINFO_0_TAXAMT] => 0.00
    [PAYMENTINFO_0_CURRENCYCODE] => USD
    [PAYMENTINFO_0_PAYMENTSTATUS] => Completed
    [PAYMENTINFO_0_PENDINGREASON] => None
    [PAYMENTINFO_0_REASONCODE] => None
    [PAYMENTINFO_0_PROTECTIONELIGIBILITY] => Eligible
    [PAYMENTINFO_0_PROTECTIONELIGIBILITYTYPE] => ItemNotReceivedEligible,UnauthorizedPaymentEligible
    [PAYMENTINFO_0_SELLERPAYPALACCOUNTID] => sb-mj47ex18063965@business.example.com
    [PAYMENTINFO_0_SECUREMERCHANTACCOUNTID] => QD8TKWFQPHNY4
    [PAYMENTINFO_0_PAYMENTREQUESTID] => 771
    [PAYMENTINFO_0_ERRORCODE] => 0
    [PAYMENTINFO_0_ACK] => Success
)

2022-07-17T13:54:35+00:00 DEBUG <------------------- WebToffee PayPal Express Payment ( Setting Express Checkout ) ------------------->
stdClass Object
(
    [METHOD] => SetExpressCheckout
    [RETURNURL] => http://localhost/test02/wc-api/Eh_PayPal_Express_Payment/?c=express_details&express=false&p=http://localhost/test02/checkout/
    [CANCELURL] => http://localhost/test02/checkout/?cancel_express_checkout=cancel
    [ADDROVERRIDE] => 
    [BRANDNAME] => banhangonline
    [HDRIMG] => 
    [LOGOIMG] => 
    [SOLUTIONTYPE] => Sole
    [LOCALECODE] => en_US
    [LANDINGPAGE] => Billing
    [L_PAYMENTREQUEST_0_NAME0] => BALTHUS PAINTER'S JACKET
    [L_PAYMENTREQUEST_0_DESC0] => Color : be, Size : l
    [L_PAYMENTREQUEST_0_AMT0] => 100
    [L_PAYMENTREQUEST_0_QTY0] => 1
    [L_PAYMENTREQUEST_0_ITEMURL0] => http://localhost/test02/product/balthus-painters-jacket-7/?attribute_pa_color=be&attribute_pa_size=l
    [PAYMENTREQUEST_0_AMT] => 100
    [PAYMENTREQUEST_0_CURRENCYCODE] => USD
    [PAYMENTREQUEST_0_ITEMAMT] => 100
    [PAYMENTREQUEST_0_SHIPPINGAMT] => 0
    [PAYMENTREQUEST_0_TAXAMT] => 0
    [PAYMENTREQUEST_0_SHIPDISCAMT] => 0
    [PAYMENTREQUEST_0_PAYMENTACTION] => Sale
    [MAXAMT] => 175
    [PAYMENTREQUEST_0_SHIPTONAME] => phamtuanduc dsa
    [PAYMENTREQUEST_0_SHIPTOSTREET] => Quang Trung, Ha Dong, Ha Noi
    [PAYMENTREQUEST_0_SHIPTOSTREET2] => 
    [PAYMENTREQUEST_0_SHIPTOCITY] => Ha Noi
    [PAYMENTREQUEST_0_SHIPTOSTATE] => 
    [PAYMENTREQUEST_0_SHIPTOZIP] => EEEEEE
    [PAYMENTREQUEST_0_SHIPTOCOUNTRYCODE] => VN
    [PAYMENTREQUEST_0_SHIPTOPHONENUM] => 111111111111
    [PAYMENTREQUEST_0_NOTETEXT] => 
    [PAYMENTREQUEST_0_EMAIL] => tuanduc10102001@gmail.com
    [PAYMENTREQUEST_0_PAYMENTREQUESTID] => 
)

2022-07-17T13:54:36+00:00 DEBUG <------------------- WebToffee PayPal Express Payment ( Response on Express Start/Credit Start ) ------------------->
stdClass Object
(
    [TOKEN] => EC-305007642A3334449
    [TIMESTAMP] => 2022-07-17T13:54:36Z
    [CORRELATIONID] => c1b065eddc66a
    [ACK] => Success
    [BUILD] => 57255788
)

2022-07-17T13:54:50+00:00 DEBUG <------------------- WebToffee PayPal Express Payment ( Getting Express Checkout Details ) ------------------->
stdClass Object
(
    [METHOD] => GetExpressCheckoutDetails
    [TOKEN] => EC-305007642A3334449
)

2022-07-17T13:54:50+00:00 DEBUG <------------------- WebToffee PayPal Express Payment ( Response on Express Details ) ------------------->
stdClass Object
(
    [TOKEN] => EC-305007642A3334449
    [BILLINGAGREEMENTACCEPTEDSTATUS] => 0
    [CHECKOUTSTATUS] => PaymentActionNotInitiated
    [TIMESTAMP] => 2022-07-17T13:54:50Z
    [CORRELATIONID] => 60dcec8da78ae
    [ACK] => Success
    [BUILD] => 57255788
    [EMAIL] => sb-j0pjg18903611@personal.example.com
    [PAYERID] => TKPKRR78VSB42
    [PAYERSTATUS] => verified
    [FIRSTNAME] => John
    [LASTNAME] => Doe
    [COUNTRYCODE] => US
    [SHIPTONAME] => phamtuanduc dsa
    [SHIPTOSTREET] => Quang Trung, Ha Dong, Ha Noi
    [SHIPTOCITY] => Ha Noi
    [SHIPTOZIP] => EEEEEE
    [SHIPTOCOUNTRYCODE] => VN
    [SHIPTOPHONENUM] => 111111111111
    [SHIPTOCOUNTRYNAME] => Vietnam
    [ADDRESSSTATUS] => Confirmed
    [CURRENCYCODE] => USD
    [AMT] => 100.00
    [ITEMAMT] => 100.00
    [SHIPPINGAMT] => 0.00
    [HANDLINGAMT] => 0.00
    [TAXAMT] => 0.00
    [INSURANCEAMT] => 0.00
    [SHIPDISCAMT] => 0.00
    [INSURANCEOPTIONOFFERED] => false
    [L_NAME0] => BALTHUS PAINTER'S JACKET
    [L_QTY0] => 1
    [L_TAXAMT0] => 0.00
    [L_AMT0] => 100.00
    [L_DESC0] => Color : be, Size : l
    [PAYMENTREQUEST_0_CURRENCYCODE] => USD
    [PAYMENTREQUEST_0_AMT] => 100.00
    [PAYMENTREQUEST_0_ITEMAMT] => 100.00
    [PAYMENTREQUEST_0_SHIPPINGAMT] => 0.00
    [PAYMENTREQUEST_0_HANDLINGAMT] => 0.00
    [PAYMENTREQUEST_0_TAXAMT] => 0.00
    [PAYMENTREQUEST_0_INSURANCEAMT] => 0.00
    [PAYMENTREQUEST_0_SHIPDISCAMT] => 0.00
    [PAYMENTREQUEST_0_SELLERPAYPALACCOUNTID] => sb-mj47ex18063965@business.example.com
    [PAYMENTREQUEST_0_INSURANCEOPTIONOFFERED] => false
    [PAYMENTREQUEST_0_SHIPTONAME] => phamtuanduc dsa
    [PAYMENTREQUEST_0_SHIPTOSTREET] => Quang Trung, Ha Dong, Ha Noi
    [PAYMENTREQUEST_0_SHIPTOCITY] => Ha Noi
    [PAYMENTREQUEST_0_SHIPTOZIP] => EEEEEE
    [PAYMENTREQUEST_0_SHIPTOCOUNTRYCODE] => VN
    [PAYMENTREQUEST_0_SHIPTOPHONENUM] => 111111111111
    [PAYMENTREQUEST_0_SHIPTOCOUNTRYNAME] => Vietnam
    [PAYMENTREQUEST_0_ADDRESSSTATUS] => Confirmed
    [L_PAYMENTREQUEST_0_NAME0] => BALTHUS PAINTER'S JACKET
    [L_PAYMENTREQUEST_0_QTY0] => 1
    [L_PAYMENTREQUEST_0_TAXAMT0] => 0.00
    [L_PAYMENTREQUEST_0_AMT0] => 100.00
    [L_PAYMENTREQUEST_0_DESC0] => Color : be, Size : l
    [PAYMENTREQUESTINFO_0_ERRORCODE] => 0
)

2022-07-17T13:54:51+00:00 DEBUG <------------------- WebToffee PayPal Express Payment ( Processing Express Checkout ) ------------------->
stdClass Object
(
    [METHOD] => DoExpressCheckoutPayment
    [TOKEN] => EC-305007642A3334449
    [PAYERID] => TKPKRR78VSB42
    [BUTTONSOURCE] => WebToffee PE Checkout
    [L_PAYMENTREQUEST_0_NAME0] => BALTHUS PAINTER'S JACKET - Be, L
    [L_PAYMENTREQUEST_0_DESC0] => 
    [L_PAYMENTREQUEST_0_AMT0] => 100
    [L_PAYMENTREQUEST_0_QTY0] => 1
    [PAYMENTREQUEST_0_AMT] => 100
    [PAYMENTREQUEST_0_CURRENCYCODE] => USD
    [PAYMENTREQUEST_0_ITEMAMT] => 100
    [PAYMENTREQUEST_0_SHIPPINGAMT] => 0
    [PAYMENTREQUEST_0_TAXAMT] => 0
    [PAYMENTREQUEST_0_SHIPDISCAMT] => 0
    [PAYMENTREQUEST_0_PAYMENTACTION] => Sale
    [PAYMENTREQUEST_0_INVNUM] => 772
    [PAYMENTREQUEST_0_PAYMENTREQUESTID] => 772
)

2022-07-17T13:54:54+00:00 DEBUG <------------------- WebToffee PayPal Express Payment ( Response on Finish Express ) ------------------->
stdClass Object
(
    [TOKEN] => EC-305007642A3334449
    [SUCCESSPAGEREDIRECTREQUESTED] => false
    [TIMESTAMP] => 2022-07-17T13:54:54Z
    [CORRELATIONID] => a5370a709e772
    [ACK] => Success
    [BUILD] => 57255788
    [INSURANCEOPTIONSELECTED] => false
    [SHIPPINGOPTIONISDEFAULT] => false
    [PAYMENTINFO_0_TRANSACTIONID] => 5PR8001179373305Y
    [PAYMENTINFO_0_TRANSACTIONTYPE] => cart
    [PAYMENTINFO_0_PAYMENTTYPE] => instant
    [PAYMENTINFO_0_ORDERTIME] => 2022-07-17T13:54:53Z
    [PAYMENTINFO_0_AMT] => 100.00
    [PAYMENTINFO_0_FEEAMT] => 3.98
    [PAYMENTINFO_0_TAXAMT] => 0.00
    [PAYMENTINFO_0_CURRENCYCODE] => USD
    [PAYMENTINFO_0_PAYMENTSTATUS] => Completed
    [PAYMENTINFO_0_PENDINGREASON] => None
    [PAYMENTINFO_0_REASONCODE] => None
    [PAYMENTINFO_0_PROTECTIONELIGIBILITY] => Eligible
    [PAYMENTINFO_0_PROTECTIONELIGIBILITYTYPE] => ItemNotReceivedEligible,UnauthorizedPaymentEligible
    [PAYMENTINFO_0_SELLERPAYPALACCOUNTID] => sb-mj47ex18063965@business.example.com
    [PAYMENTINFO_0_SECUREMERCHANTACCOUNTID] => QD8TKWFQPHNY4
    [PAYMENTINFO_0_PAYMENTREQUESTID] => 772
    [PAYMENTINFO_0_ERRORCODE] => 0
    [PAYMENTINFO_0_ACK] => Success
)

