2022-08-02T07:29:08+00:00 DEBUG <------------------- WebToffee PayPal Express Payment ( Setting Express Checkout ) ------------------->
stdClass Object
(
    [METHOD] => SetExpressCheckout
    [RETURNURL] => http://localhost/test02/en/wc-api/Eh_PayPal_Express_Payment/?c=express_details&express=false&p=http://localhost/test02/en/checkout/
    [CANCELURL] => http://localhost/test02/en/checkout/?cancel_express_checkout=cancel
    [ADDROVERRIDE] => 
    [BRANDNAME] => banhangonline
    [HDRIMG] => 
    [LOGOIMG] => 
    [SOLUTIONTYPE] => Sole
    [LOCALECODE] => en_US
    [LANDINGPAGE] => Billing
    [L_PAYMENTREQUEST_0_NAME0] => BALTHUS PAINTER'S JACKET
    [L_PAYMENTREQUEST_0_DESC0] => Color : be, Size : l
    [L_PAYMENTREQUEST_0_AMT0] => 259
    [L_PAYMENTREQUEST_0_QTY0] => 1
    [L_PAYMENTREQUEST_0_ITEMURL0] => http://localhost/test02/en/product/balthus-painters-jacket/?attribute_pa_color=be&attribute_pa_size=l
    [L_PAYMENTREQUEST_0_NAME1] => BALTHUS PAINTER'S JACKET
    [L_PAYMENTREQUEST_0_DESC1] => Color : be, Size : l
    [L_PAYMENTREQUEST_0_AMT1] => 250
    [L_PAYMENTREQUEST_0_QTY1] => 1
    [L_PAYMENTREQUEST_0_ITEMURL1] => http://localhost/test02/en/product/balthus-painters-jacket-2/?attribute_pa_color=be&attribute_pa_size=l
    [L_PAYMENTREQUEST_0_NAME2] => BALTHUS PAINTER'S JACKET
    [L_PAYMENTREQUEST_0_DESC2] => Color : be, Size : s
    [L_PAYMENTREQUEST_0_AMT2] => 100
    [L_PAYMENTREQUEST_0_QTY2] => 1
    [L_PAYMENTREQUEST_0_ITEMURL2] => http://localhost/test02/en/product/balthus-painters-jacket-7/?attribute_pa_color=be&attribute_pa_size=s
    [L_PAYMENTREQUEST_0_NAME3] => BALTHUS PAINTER'S JACKET
    [L_PAYMENTREQUEST_0_DESC3] => Color : be, Size : l
    [L_PAYMENTREQUEST_0_AMT3] => 100
    [L_PAYMENTREQUEST_0_QTY3] => 1
    [L_PAYMENTREQUEST_0_ITEMURL3] => http://localhost/test02/en/product/balthus-painters-jacket-7/?attribute_pa_color=be&attribute_pa_size=l
    [L_PAYMENTREQUEST_0_NAME4] => Discount
    [L_PAYMENTREQUEST_0_DESC4] => test4
    [L_PAYMENTREQUEST_0_QTY4] => 1
    [L_PAYMENTREQUEST_0_AMT4] => -354
    [PAYMENTREQUEST_0_AMT] => 365
    [PAYMENTREQUEST_0_CURRENCYCODE] => USD
    [PAYMENTREQUEST_0_ITEMAMT] => 355
    [PAYMENTREQUEST_0_SHIPPINGAMT] => 10
    [PAYMENTREQUEST_0_TAXAMT] => 0
    [PAYMENTREQUEST_0_SHIPDISCAMT] => 0
    [PAYMENTREQUEST_0_PAYMENTACTION] => Sale
    [MAXAMT] => 639
    [PAYMENTREQUEST_0_SHIPTONAME] => phamtuanduc dsa
    [PAYMENTREQUEST_0_SHIPTOSTREET] => Quang Trung, Ha Dong, Ha Noi
    [PAYMENTREQUEST_0_SHIPTOSTREET2] => 
    [PAYMENTREQUEST_0_SHIPTOCITY] => Ha Noi
    [PAYMENTREQUEST_0_SHIPTOSTATE] => 
    [PAYMENTREQUEST_0_SHIPTOZIP] => EEEEEE
    [PAYMENTREQUEST_0_SHIPTOCOUNTRYCODE] => VN
    [PAYMENTREQUEST_0_SHIPTOPHONENUM] => 111111111111
    [PAYMENTREQUEST_0_NOTETEXT] => 
    [PAYMENTREQUEST_0_EMAIL] => tuanduc10102001@gmail.com
    [PAYMENTREQUEST_0_PAYMENTREQUESTID] => 
)

2022-08-02T07:29:09+00:00 DEBUG <------------------- WebToffee PayPal Express Payment ( Response on Express Start/Credit Start ) ------------------->
stdClass Object
(
    [TOKEN] => EC-0PD63638UH5987018
    [TIMESTAMP] => 2022-08-02T07:29:08Z
    [CORRELATIONID] => 188bfabe8ab86
    [ACK] => Success
    [BUILD] => 57278533
)

2022-08-02T07:29:27+00:00 DEBUG <------------------- WebToffee PayPal Express Payment ( Getting Express Checkout Details ) ------------------->
stdClass Object
(
    [METHOD] => GetExpressCheckoutDetails
    [TOKEN] => EC-0PD63638UH5987018
)

2022-08-02T07:29:27+00:00 DEBUG <------------------- WebToffee PayPal Express Payment ( Response on Express Details ) ------------------->
stdClass Object
(
    [TOKEN] => EC-0PD63638UH5987018
    [BILLINGAGREEMENTACCEPTEDSTATUS] => 0
    [CHECKOUTSTATUS] => PaymentActionNotInitiated
    [TIMESTAMP] => 2022-08-02T07:29:26Z
    [CORRELATIONID] => 1858516257c41
    [ACK] => Success
    [BUILD] => 57278533
    [EMAIL] => sb-j0pjg18903611@personal.example.com
    [PAYERID] => TKPKRR78VSB42
    [PAYERSTATUS] => verified
    [FIRSTNAME] => John
    [LASTNAME] => Doe
    [COUNTRYCODE] => US
    [SHIPTONAME] => phamtuanduc dsa
    [SHIPTOSTREET] => Quang Trung, Ha Dong, Ha Noi
    [SHIPTOCITY] => Ha Noi
    [SHIPTOZIP] => EEEEEE
    [SHIPTOCOUNTRYCODE] => VN
    [SHIPTOPHONENUM] => 111111111111
    [SHIPTOCOUNTRYNAME] => Vietnam
    [ADDRESSSTATUS] => Confirmed
    [CURRENCYCODE] => USD
    [AMT] => 365.00
    [ITEMAMT] => 355.00
    [SHIPPINGAMT] => 10.00
    [HANDLINGAMT] => 0.00
    [TAXAMT] => 0.00
    [INSURANCEAMT] => 0.00
    [SHIPDISCAMT] => 0.00
    [INSURANCEOPTIONOFFERED] => false
    [L_NAME0] => BALTHUS PAINTER'S JACKET
    [L_NAME1] => BALTHUS PAINTER'S JACKET
    [L_NAME2] => BALTHUS PAINTER'S JACKET
    [L_NAME3] => BALTHUS PAINTER'S JACKET
    [L_NAME4] => Discount
    [L_QTY0] => 1
    [L_QTY1] => 1
    [L_QTY2] => 1
    [L_QTY3] => 1
    [L_QTY4] => 1
    [L_TAXAMT0] => 0.00
    [L_TAXAMT1] => 0.00
    [L_TAXAMT2] => 0.00
    [L_TAXAMT3] => 0.00
    [L_TAXAMT4] => 0.00
    [L_AMT0] => 259.00
    [L_AMT1] => 250.00
    [L_AMT2] => 100.00
    [L_AMT3] => 100.00
    [L_AMT4] => -354.00
    [L_DESC0] => Color : be, Size : l
    [L_DESC1] => Color : be, Size : l
    [L_DESC2] => Color : be, Size : s
    [L_DESC3] => Color : be, Size : l
    [L_DESC4] => test4
    [PAYMENTREQUEST_0_CURRENCYCODE] => USD
    [PAYMENTREQUEST_0_AMT] => 365.00
    [PAYMENTREQUEST_0_ITEMAMT] => 355.00
    [PAYMENTREQUEST_0_SHIPPINGAMT] => 10.00
    [PAYMENTREQUEST_0_HANDLINGAMT] => 0.00
    [PAYMENTREQUEST_0_TAXAMT] => 0.00
    [PAYMENTREQUEST_0_INSURANCEAMT] => 0.00
    [PAYMENTREQUEST_0_SHIPDISCAMT] => 0.00
    [PAYMENTREQUEST_0_SELLERPAYPALACCOUNTID] => sb-mj47ex18063965@business.example.com
    [PAYMENTREQUEST_0_INSURANCEOPTIONOFFERED] => false
    [PAYMENTREQUEST_0_SHIPTONAME] => phamtuanduc dsa
    [PAYMENTREQUEST_0_SHIPTOSTREET] => Quang Trung, Ha Dong, Ha Noi
    [PAYMENTREQUEST_0_SHIPTOCITY] => Ha Noi
    [PAYMENTREQUEST_0_SHIPTOZIP] => EEEEEE
    [PAYMENTREQUEST_0_SHIPTOCOUNTRYCODE] => VN
    [PAYMENTREQUEST_0_SHIPTOPHONENUM] => 111111111111
    [PAYMENTREQUEST_0_SHIPTOCOUNTRYNAME] => Vietnam
    [PAYMENTREQUEST_0_ADDRESSSTATUS] => Confirmed
    [L_PAYMENTREQUEST_0_NAME0] => BALTHUS PAINTER'S JACKET
    [L_PAYMENTREQUEST_0_NAME1] => BALTHUS PAINTER'S JACKET
    [L_PAYMENTREQUEST_0_NAME2] => BALTHUS PAINTER'S JACKET
    [L_PAYMENTREQUEST_0_NAME3] => BALTHUS PAINTER'S JACKET
    [L_PAYMENTREQUEST_0_NAME4] => Discount
    [L_PAYMENTREQUEST_0_QTY0] => 1
    [L_PAYMENTREQUEST_0_QTY1] => 1
    [L_PAYMENTREQUEST_0_QTY2] => 1
    [L_PAYMENTREQUEST_0_QTY3] => 1
    [L_PAYMENTREQUEST_0_QTY4] => 1
    [L_PAYMENTREQUEST_0_TAXAMT0] => 0.00
    [L_PAYMENTREQUEST_0_TAXAMT1] => 0.00
    [L_PAYMENTREQUEST_0_TAXAMT2] => 0.00
    [L_PAYMENTREQUEST_0_TAXAMT3] => 0.00
    [L_PAYMENTREQUEST_0_TAXAMT4] => 0.00
    [L_PAYMENTREQUEST_0_AMT0] => 259.00
    [L_PAYMENTREQUEST_0_AMT1] => 250.00
    [L_PAYMENTREQUEST_0_AMT2] => 100.00
    [L_PAYMENTREQUEST_0_AMT3] => 100.00
    [L_PAYMENTREQUEST_0_AMT4] => -354.00
    [L_PAYMENTREQUEST_0_DESC0] => Color : be, Size : l
    [L_PAYMENTREQUEST_0_DESC1] => Color : be, Size : l
    [L_PAYMENTREQUEST_0_DESC2] => Color : be, Size : s
    [L_PAYMENTREQUEST_0_DESC3] => Color : be, Size : l
    [L_PAYMENTREQUEST_0_DESC4] => test4
    [PAYMENTREQUESTINFO_0_ERRORCODE] => 0
)

2022-08-02T07:29:28+00:00 DEBUG <------------------- WebToffee PayPal Express Payment ( Processing Express Checkout ) ------------------->
stdClass Object
(
    [METHOD] => DoExpressCheckoutPayment
    [TOKEN] => EC-0PD63638UH5987018
    [PAYERID] => TKPKRR78VSB42
    [BUTTONSOURCE] => WebToffee PE Checkout
    [L_PAYMENTREQUEST_0_NAME0] => BALTHUS PAINTER'S JACKET<span> - </span>Be, L
    [L_PAYMENTREQUEST_0_DESC0] => 
    [L_PAYMENTREQUEST_0_AMT0] => 259
    [L_PAYMENTREQUEST_0_QTY0] => 1
    [L_PAYMENTREQUEST_0_NAME1] => BALTHUS PAINTER'S JACKET<span> - </span>Be, L
    [L_PAYMENTREQUEST_0_DESC1] => 
    [L_PAYMENTREQUEST_0_AMT1] => 250
    [L_PAYMENTREQUEST_0_QTY1] => 1
    [L_PAYMENTREQUEST_0_NAME2] => BALTHUS PAINTER'S JACKET<span> - </span>Be, S
    [L_PAYMENTREQUEST_0_DESC2] => 
    [L_PAYMENTREQUEST_0_AMT2] => 100
    [L_PAYMENTREQUEST_0_QTY2] => 1
    [L_PAYMENTREQUEST_0_NAME3] => BALTHUS PAINTER'S JACKET<span> - </span>Be, L
    [L_PAYMENTREQUEST_0_DESC3] => 
    [L_PAYMENTREQUEST_0_AMT3] => 100
    [L_PAYMENTREQUEST_0_QTY3] => 1
    [L_PAYMENTREQUEST_0_NAME4] => Discount
    [L_PAYMENTREQUEST_0_DESC4] => test4
    [L_PAYMENTREQUEST_0_QTY4] => 1
    [L_PAYMENTREQUEST_0_AMT4] => -354
    [PAYMENTREQUEST_0_AMT] => 365
    [PAYMENTREQUEST_0_CURRENCYCODE] => USD
    [PAYMENTREQUEST_0_ITEMAMT] => 355
    [PAYMENTREQUEST_0_SHIPPINGAMT] => 10
    [PAYMENTREQUEST_0_TAXAMT] => 0
    [PAYMENTREQUEST_0_SHIPDISCAMT] => 0
    [PAYMENTREQUEST_0_PAYMENTACTION] => Sale
    [PAYMENTREQUEST_0_INVNUM] => 1317
    [PAYMENTREQUEST_0_PAYMENTREQUESTID] => 1317
)

2022-08-02T07:29:32+00:00 DEBUG <------------------- WebToffee PayPal Express Payment ( Response on Finish Express ) ------------------->
stdClass Object
(
    [TOKEN] => EC-0PD63638UH5987018
    [SUCCESSPAGEREDIRECTREQUESTED] => false
    [TIMESTAMP] => 2022-08-02T07:29:31Z
    [CORRELATIONID] => 67345d9cda72c
    [ACK] => Success
    [BUILD] => 57278533
    [INSURANCEOPTIONSELECTED] => false
    [SHIPPINGOPTIONISDEFAULT] => false
    [PAYMENTINFO_0_TRANSACTIONID] => 81X9414664684050J
    [PAYMENTINFO_0_TRANSACTIONTYPE] => cart
    [PAYMENTINFO_0_PAYMENTTYPE] => instant
    [PAYMENTINFO_0_ORDERTIME] => 2022-08-02T07:29:29Z
    [PAYMENTINFO_0_AMT] => 365.00
    [PAYMENTINFO_0_FEEAMT] => 13.23
    [PAYMENTINFO_0_TAXAMT] => 0.00
    [PAYMENTINFO_0_CURRENCYCODE] => USD
    [PAYMENTINFO_0_PAYMENTSTATUS] => Completed
    [PAYMENTINFO_0_PENDINGREASON] => None
    [PAYMENTINFO_0_REASONCODE] => None
    [PAYMENTINFO_0_PROTECTIONELIGIBILITY] => Eligible
    [PAYMENTINFO_0_PROTECTIONELIGIBILITYTYPE] => ItemNotReceivedEligible,UnauthorizedPaymentEligible
    [PAYMENTINFO_0_SELLERPAYPALACCOUNTID] => sb-mj47ex18063965@business.example.com
    [PAYMENTINFO_0_SECUREMERCHANTACCOUNTID] => QD8TKWFQPHNY4
    [PAYMENTINFO_0_PAYMENTREQUESTID] => 1317
    [PAYMENTINFO_0_ERRORCODE] => 0
    [PAYMENTINFO_0_ACK] => Success
)

