2022-08-16T02:41:42+00:00 CRITICAL Uncaught Error: [] operator not supported for strings in E:\wamp64\www\test02\wp-content\themes\silky-new\functions.php:396
Stack trace:
#0 E:\wamp64\www\test02\wp-includes\class-wp-hook.php(309): wc_checkout_description_so_15127954('cart_item', Array)
#1 E:\wamp64\www\test02\wp-includes\plugin.php(191): WP_Hook->apply_filters('cart_item', Array)
#2 E:\wamp64\www\test02\wp-content\themes\silky-new\woocommerce\checkout\review-order.php(94): apply_filters('woocommerce_car...', 'cart_item', Array, '4fa8c4f3c690ae5...')
#3 E:\wamp64\www\test02\wp-content\plugins\woocommerce\includes\wc-core-functions.php(345): include('E:\\wamp64\\www\\t...')
#4 E:\wamp64\www\test02\wp-content\plugins\woocommerce\includes\wc-template-functions.php(2322): wc_get_template('checkout/review...', Array)
#5 E:\wamp64\www\test02\wp-includes\class-wp-hook.php(307): woocommerce_order_review('')
#6 E:\wamp64\www\test02\wp-includes\class-wp-hook.php(331): WP_Hook->apply_filters('', Array)
#7 E:\wamp64\www\test02\wp-includes\plugin.php(476): in E:\wamp64\www\test02\wp-content\themes\silky-new\functions.php on line 396

2022-08-16T02:42:28+00:00 CRITICAL Uncaught Error: [] operator not supported for strings in E:\wamp64\www\test02\wp-content\themes\silky-new\functions.php:396
Stack trace:
#0 E:\wamp64\www\test02\wp-includes\class-wp-hook.php(309): wc_checkout_description_so_15127954('BALTHUS PAINTER...', Array)
#1 E:\wamp64\www\test02\wp-includes\plugin.php(191): WP_Hook->apply_filters('BALTHUS PAINTER...', Array)
#2 E:\wamp64\www\test02\wp-content\themes\silky-new\woocommerce\checkout\review-order.php(98): apply_filters('woocommerce_car...', 'BALTHUS PAINTER...', Array, '4fa8c4f3c690ae5...')
#3 E:\wamp64\www\test02\wp-content\plugins\woocommerce\includes\wc-core-functions.php(345): include('E:\\wamp64\\www\\t...')
#4 E:\wamp64\www\test02\wp-content\plugins\woocommerce\includes\wc-template-functions.php(2322): wc_get_template('checkout/review...', Array)
#5 E:\wamp64\www\test02\wp-includes\class-wp-hook.php(307): woocommerce_order_review('')
#6 E:\wamp64\www\test02\wp-includes\class-wp-hook.php(331): WP_Hook->apply_filters('', Array)
#7 E:\wamp64\www\test02\w in E:\wamp64\www\test02\wp-content\themes\silky-new\functions.php on line 396

2022-08-16T02:45:37+00:00 CRITICAL Uncaught Error: [] operator not supported for strings in E:\wamp64\www\test02\wp-content\themes\silky-new\functions.php:401
Stack trace:
#0 E:\wamp64\www\test02\wp-includes\class-wp-hook.php(309): wc_checkout_description_so_27900033('BALTHUS PAINTER...', Array)
#1 E:\wamp64\www\test02\wp-includes\plugin.php(191): WP_Hook->apply_filters('BALTHUS PAINTER...', Array)
#2 E:\wamp64\www\test02\wp-content\themes\silky-new\woocommerce\cart\mini-cart.php(35): apply_filters('woocommerce_car...', 'BALTHUS PAINTER...', Array, '4fa8c4f3c690ae5...')
#3 E:\wamp64\www\test02\wp-content\plugins\woocommerce\includes\wc-core-functions.php(345): include('E:\\wamp64\\www\\t...')
#4 E:\wamp64\www\test02\wp-content\plugins\woocommerce\includes\wc-template-functions.php(2227): wc_get_template('cart/mini-cart....', Array)
#5 E:\wamp64\www\test02\wp-content\plugins\woocommerce\includes\class-wc-ajax.php(183): woocommerce_mini_cart()
#6 E:\wamp64\www\test02\wp-content\plugins\side-cart-woocommerce\includes\class-xoo-wsc-cart.php(175):  in E:\wamp64\www\test02\wp-content\themes\silky-new\functions.php on line 401

2022-08-16T02:45:37+00:00 CRITICAL Uncaught Error: [] operator not supported for strings in E:\wamp64\www\test02\wp-content\themes\silky-new\functions.php:401
Stack trace:
#0 E:\wamp64\www\test02\wp-includes\class-wp-hook.php(309): wc_checkout_description_so_27900033('BALTHUS PAINTER...', Array)
#1 E:\wamp64\www\test02\wp-includes\plugin.php(191): WP_Hook->apply_filters('BALTHUS PAINTER...', Array)
#2 E:\wamp64\www\test02\wp-content\themes\silky-new\woocommerce\checkout\review-order.php(98): apply_filters('woocommerce_car...', 'BALTHUS PAINTER...', Array, '4fa8c4f3c690ae5...')
#3 E:\wamp64\www\test02\wp-content\plugins\woocommerce\includes\wc-core-functions.php(345): include('E:\\wamp64\\www\\t...')
#4 E:\wamp64\www\test02\wp-content\plugins\woocommerce\includes\wc-template-functions.php(2322): wc_get_template('checkout/review...', Array)
#5 E:\wamp64\www\test02\wp-content\plugins\woocommerce\includes\class-wc-ajax.php(358): woocommerce_order_review()
#6 E:\wamp64\www\test02\wp-includes\class-wp-hook.php(307): WC_AJAX::update_order_review('')
 in E:\wamp64\www\test02\wp-content\themes\silky-new\functions.php on line 401

2022-08-16T02:45:45+00:00 CRITICAL Uncaught Error: [] operator not supported for strings in E:\wamp64\www\test02\wp-content\themes\silky-new\functions.php:401
Stack trace:
#0 E:\wamp64\www\test02\wp-includes\class-wp-hook.php(309): wc_checkout_description_so_27900033('BALTHUS PAINTER...', Array)
#1 E:\wamp64\www\test02\wp-includes\plugin.php(191): WP_Hook->apply_filters('BALTHUS PAINTER...', Array)
#2 E:\wamp64\www\test02\wp-content\themes\silky-new\woocommerce\checkout\review-order.php(101): apply_filters('woocommerce_car...', 'BALTHUS PAINTER...', Array, '4fa8c4f3c690ae5...')
#3 E:\wamp64\www\test02\wp-content\plugins\woocommerce\includes\wc-core-functions.php(345): include('E:\\wamp64\\www\\t...')
#4 E:\wamp64\www\test02\wp-content\plugins\woocommerce\includes\wc-template-functions.php(2322): wc_get_template('checkout/review...', Array)
#5 E:\wamp64\www\test02\wp-includes\class-wp-hook.php(307): woocommerce_order_review('')
#6 E:\wamp64\www\test02\wp-includes\class-wp-hook.php(331): WP_Hook->apply_filters('', Array)
#7 E:\wamp64\www\test02\ in E:\wamp64\www\test02\wp-content\themes\silky-new\functions.php on line 401

2022-08-16T02:46:31+00:00 CRITICAL Uncaught ArgumentCountError: Too few arguments to function apply_filters(), 1 passed in E:\wamp64\www\test02\wp-content\themes\silky-new\woocommerce\checkout\review-order.php on line 101 and exactly 2 expected in E:\wamp64\www\test02\wp-includes\plugin.php:165
Stack trace:
#0 E:\wamp64\www\test02\wp-content\themes\silky-new\woocommerce\checkout\review-order.php(101): apply_filters('woocommerce_get...')
#1 E:\wamp64\www\test02\wp-content\plugins\woocommerce\includes\wc-core-functions.php(345): include('E:\\wamp64\\www\\t...')
#2 E:\wamp64\www\test02\wp-content\plugins\woocommerce\includes\wc-template-functions.php(2322): wc_get_template('checkout/review...', Array)
#3 E:\wamp64\www\test02\wp-includes\class-wp-hook.php(307): woocommerce_order_review('')
#4 E:\wamp64\www\test02\wp-includes\class-wp-hook.php(331): WP_Hook->apply_filters('', Array)
#5 E:\wamp64\www\test02\wp-includes\plugin.php(476): WP_Hook->do_action(Array)
#6 E:\wamp64\www\test02\wp-content\themes\silky-new\woocommerce\checkout\form-checkout.ph in E:\wamp64\www\test02\wp-includes\plugin.php on line 165

2022-08-16T02:47:08+00:00 CRITICAL Uncaught ArgumentCountError: Too few arguments to function wc_checkout_description_so_27900033(), 1 passed in E:\wamp64\www\test02\wp-includes\class-wp-hook.php on line 307 and exactly 2 expected in E:\wamp64\www\test02\wp-content\themes\silky-new\functions.php:394
Stack trace:
#0 E:\wamp64\www\test02\wp-includes\class-wp-hook.php(307): wc_checkout_description_so_27900033('')
#1 E:\wamp64\www\test02\wp-includes\class-wp-hook.php(331): WP_Hook->apply_filters('', Array)
#2 E:\wamp64\www\test02\wp-includes\plugin.php(476): WP_Hook->do_action(Array)
#3 E:\wamp64\www\test02\wp-content\themes\silky-new\woocommerce\checkout\review-order.php(101): do_action('woocommerce_get...')
#4 E:\wamp64\www\test02\wp-content\plugins\woocommerce\includes\wc-core-functions.php(345): include('E:\\wamp64\\www\\t...')
#5 E:\wamp64\www\test02\wp-content\plugins\woocommerce\includes\wc-template-functions.php(2322): wc_get_template('checkout/review...', Array)
#6 E:\wamp64\www\test02\wp-includes\class-wp-hook.php(307): woocommerce_order in E:\wamp64\www\test02\wp-content\themes\silky-new\functions.php on line 394

2022-08-16T02:48:50+00:00 CRITICAL Uncaught ArgumentCountError: Too few arguments to function hi(), 1 passed in E:\wamp64\www\test02\wp-includes\class-wp-hook.php on line 307 and exactly 2 expected in E:\wamp64\www\test02\wp-content\themes\silky-new\functions.php:394
Stack trace:
#0 E:\wamp64\www\test02\wp-includes\class-wp-hook.php(307): hi('')
#1 E:\wamp64\www\test02\wp-includes\class-wp-hook.php(331): WP_Hook->apply_filters('', Array)
#2 E:\wamp64\www\test02\wp-includes\plugin.php(476): WP_Hook->do_action(Array)
#3 E:\wamp64\www\test02\wp-content\themes\silky-new\woocommerce\checkout\review-order.php(101): do_action('woocommerce_get...')
#4 E:\wamp64\www\test02\wp-content\plugins\woocommerce\includes\wc-core-functions.php(345): include('E:\\wamp64\\www\\t...')
#5 E:\wamp64\www\test02\wp-content\plugins\woocommerce\includes\wc-template-functions.php(2322): wc_get_template('checkout/review...', Array)
#6 E:\wamp64\www\test02\wp-includes\class-wp-hook.php(307): woocommerce_order_review('')
#7 E:\wamp64\www\test02\wp-includes\class-wp-hook.php( in E:\wamp64\www\test02\wp-content\themes\silky-new\functions.php on line 394

