2022-07-07T02:51:00+00:00 CRITICAL Uncaught Error: Call to undefined function get_field_objects() in E:\wamp64\www\test02\wp-content\themes\silky-new\global-templates\part-loading-image-category.php:3
Stack trace:
#0 E:\wamp64\www\test02\wp-includes\template.php(772): require()
#1 E:\wamp64\www\test02\wp-includes\template.php(716): load_template('E:\\wamp64\\www\\t...', false, Array)
#2 E:\wamp64\www\test02\wp-includes\general-template.php(204): locate_template(Array, true, false, Array)
#3 E:\wamp64\www\test02\wp-content\themes\silky-new\woocommerce\archive-product.php(33): get_template_part('global-template...', 'loading-image-c...')
#4 E:\wamp64\www\test02\wp-includes\template-loader.php(106): include('E:\\wamp64\\www\\t...')
#5 E:\wamp64\www\test02\wp-blog-header.php(19): require_once('E:\\wamp64\\www\\t...')
#6 E:\wamp64\www\test02\index.php(17): require('E:\\wamp64\\www\\t...')
#7 {main}
  thrown in E:\wamp64\www\test02\wp-content\themes\silky-new\global-templates\part-loading-image-category.php on line 3

2022-07-07T02:51:43+00:00 CRITICAL Uncaught Error: Call to undefined function get_field_objects() in E:\wamp64\www\test02\wp-content\themes\silky-new\global-templates\part-loading-image-category.php:3
Stack trace:
#0 E:\wamp64\www\test02\wp-includes\template.php(772): require()
#1 E:\wamp64\www\test02\wp-includes\template.php(716): load_template('E:\\wamp64\\www\\t...', false, Array)
#2 E:\wamp64\www\test02\wp-includes\general-template.php(204): locate_template(Array, true, false, Array)
#3 E:\wamp64\www\test02\wp-content\themes\silky-new\woocommerce\archive-product.php(33): get_template_part('global-template...', 'loading-image-c...')
#4 E:\wamp64\www\test02\wp-includes\template-loader.php(106): include('E:\\wamp64\\www\\t...')
#5 E:\wamp64\www\test02\wp-blog-header.php(19): require_once('E:\\wamp64\\www\\t...')
#6 E:\wamp64\www\test02\index.php(17): require('E:\\wamp64\\www\\t...')
#7 {main}
  thrown in E:\wamp64\www\test02\wp-content\themes\silky-new\global-templates\part-loading-image-category.php on line 3

2022-07-07T03:32:20+00:00 CRITICAL Uncaught Error: Call to undefined function get_field_objects() in E:\wamp64\www\test02\wp-content\themes\silky-new\global-templates\part-loading-image-category.php:3
Stack trace:
#0 E:\wamp64\www\test02\wp-includes\template.php(772): require()
#1 E:\wamp64\www\test02\wp-includes\template.php(716): load_template('E:\\wamp64\\www\\t...', false, Array)
#2 E:\wamp64\www\test02\wp-includes\general-template.php(204): locate_template(Array, true, false, Array)
#3 E:\wamp64\www\test02\wp-content\themes\silky-new\woocommerce\archive-product.php(33): get_template_part('global-template...', 'loading-image-c...')
#4 E:\wamp64\www\test02\wp-includes\template-loader.php(106): include('E:\\wamp64\\www\\t...')
#5 E:\wamp64\www\test02\wp-blog-header.php(19): require_once('E:\\wamp64\\www\\t...')
#6 E:\wamp64\www\test02\index.php(17): require('E:\\wamp64\\www\\t...')
#7 {main}
  thrown in E:\wamp64\www\test02\wp-content\themes\silky-new\global-templates\part-loading-image-category.php on line 3

2022-07-07T03:33:28+00:00 CRITICAL Uncaught Error: Call to undefined function get_field_objects() in E:\wamp64\www\test02\wp-content\themes\silky-new\global-templates\part-loading-image-category.php:3
Stack trace:
#0 E:\wamp64\www\test02\wp-includes\template.php(772): require()
#1 E:\wamp64\www\test02\wp-includes\template.php(716): load_template('E:\\wamp64\\www\\t...', false, Array)
#2 E:\wamp64\www\test02\wp-includes\general-template.php(204): locate_template(Array, true, false, Array)
#3 E:\wamp64\www\test02\wp-content\themes\silky-new\woocommerce\archive-product.php(33): get_template_part('global-template...', 'loading-image-c...')
#4 E:\wamp64\www\test02\wp-includes\template-loader.php(106): include('E:\\wamp64\\www\\t...')
#5 E:\wamp64\www\test02\wp-blog-header.php(19): require_once('E:\\wamp64\\www\\t...')
#6 E:\wamp64\www\test02\index.php(17): require('E:\\wamp64\\www\\t...')
#7 {main}
  thrown in E:\wamp64\www\test02\wp-content\themes\silky-new\global-templates\part-loading-image-category.php on line 3

2022-07-07T03:35:23+00:00 CRITICAL Uncaught Error: Call to undefined function get_field_objects() in E:\wamp64\www\test02\wp-content\themes\silky-new\global-templates\part-loading-image-category.php:3
Stack trace:
#0 E:\wamp64\www\test02\wp-includes\template.php(772): require()
#1 E:\wamp64\www\test02\wp-includes\template.php(716): load_template('E:\\wamp64\\www\\t...', false, Array)
#2 E:\wamp64\www\test02\wp-includes\general-template.php(204): locate_template(Array, true, false, Array)
#3 E:\wamp64\www\test02\wp-content\themes\silky-new\woocommerce\archive-product.php(33): get_template_part('global-template...', 'loading-image-c...')
#4 E:\wamp64\www\test02\wp-includes\template-loader.php(106): include('E:\\wamp64\\www\\t...')
#5 E:\wamp64\www\test02\wp-blog-header.php(19): require_once('E:\\wamp64\\www\\t...')
#6 E:\wamp64\www\test02\index.php(17): require('E:\\wamp64\\www\\t...')
#7 {main}
  thrown in E:\wamp64\www\test02\wp-content\themes\silky-new\global-templates\part-loading-image-category.php on line 3

