2022-06-16T03:03:24+00:00 CRITICAL syntax error, unexpected identifier "do_action" in C:\xampp\htdocs\test02\wp-content\themes\understrap-silkyvn\woocommerce\archive-product.php on line 30

2022-06-16T03:20:21+00:00 CRITICAL syntax error, unexpected token "endif", expecting end of file in C:\xampp\htdocs\test02\wp-content\themes\understrap-silkyvn\woocommerce\archive-product.php on line 35

2022-06-16T03:20:32+00:00 CRITICAL syntax error, unexpected token "endif", expecting end of file in C:\xampp\htdocs\test02\wp-content\themes\understrap-silkyvn\woocommerce\archive-product.php on line 35

2022-06-16T04:32:47+00:00 CRITICAL syntax error, unexpected token "if" in C:\xampp\htdocs\test02\wp-content\plugins\woocommerce\includes\wc-template-functions.php on line 3392

2022-06-16T04:33:40+00:00 CRITICAL syntax error, unexpected token "if" in C:\xampp\htdocs\test02\wp-content\plugins\woocommerce\includes\wc-template-functions.php on line 3392

2022-06-16T04:33:48+00:00 CRITICAL syntax error, unexpected token "if" in C:\xampp\htdocs\test02\wp-content\plugins\woocommerce\includes\wc-template-functions.php on line 3392

2022-06-16T04:34:36+00:00 CRITICAL syntax error, unexpected token "if" in C:\xampp\htdocs\test02\wp-content\plugins\woocommerce\includes\wc-template-functions.php on line 3392

2022-06-16T04:34:41+00:00 CRITICAL syntax error, unexpected token "if" in C:\xampp\htdocs\test02\wp-content\plugins\woocommerce\includes\wc-template-functions.php on line 3392

2022-06-16T04:45:00+00:00 CRITICAL syntax error, unexpected token ")", expecting variable or "{" or "$" in C:\xampp\htdocs\test02\wp-content\plugins\woocommerce\includes\wc-template-functions.php on line 1200

2022-06-16T07:05:16+00:00 CRITICAL Uncaught TypeError: call_user_func_array(): Argument #1 ($callback) must be a valid callback, function "woocommerce_template_loop_product_link_open" not found or invalid function name in C:\xampp\htdocs\test02\wp-includes\class-wp-hook.php:307
Stack trace:
#0 C:\xampp\htdocs\test02\wp-includes\class-wp-hook.php(331): WP_Hook->apply_filters('', Array)
#1 C:\xampp\htdocs\test02\wp-includes\plugin.php(476): WP_Hook->do_action(Array)
#2 C:\xampp\htdocs\test02\wp-content\plugins\woocommerce\templates\content-product.php(35): do_action('woocommerce_bef...')
#3 C:\xampp\htdocs\test02\wp-includes\template.php(772): require('C:\\xampp\\htdocs...')
#4 C:\xampp\htdocs\test02\wp-content\plugins\woocommerce\includes\wc-core-functions.php(284): load_template('C:\\xampp\\htdocs...', false)
#5 C:\xampp\htdocs\test02\wp-content\themes\understrap-silkyvn\woocommerce\archive-product.php(69): wc_get_template_part('content', 'product')
#6 C:\xampp\htdocs\test02\wp-includes\template-loader.php(106): include('C:\\xampp\\htdocs...')
#7 C:\xampp\htdocs\test02\wp-blog-header.php(19): require_once('C:\\xampp\\htdocs...')
#8 C:\xampp\htdocs\test02\index.php(17): require('C:\\xampp\\htdocs...')
#9 {main}
  thrown in C:\xampp\htdocs\test02\wp-includes\class-wp-hook.php on line 307

