2022-07-03T03:20:16+00:00 CRITICAL Uncaught Error: Call to a member function get_cart_total() on null in E:\wamp64\www\test02\wp-content\themes\silky-new\woocommerce\cart\proceed-to-checkout-button.php:26
Stack trace:
#0 E:\wamp64\www\test02\wp-content\plugins\woocommerce\includes\wc-core-functions.php(345): include()
#1 E:\wamp64\www\test02\wp-content\plugins\woocommerce\includes\wc-template-functions.php(2174): wc_get_template('cart/proceed-to...')
#2 E:\wamp64\www\test02\wp-includes\class-wp-hook.php(307): woocommerce_button_proceed_to_checkout('')
#3 E:\wamp64\www\test02\wp-includes\class-wp-hook.php(331): WP_Hook->apply_filters(NULL, Array)
#4 E:\wamp64\www\test02\wp-includes\plugin.php(476): WP_Hook->do_action(Array)
#5 E:\wamp64\www\test02\wp-content\themes\silky-new\woocommerce\cart\cart-totals.php(107): do_action('woocommerce_pro...')
#6 E:\wamp64\www\test02\wp-content\plugins\woocommerce\includes\wc-core-functions.php(345): include('E:\\wamp64\\www\\t...')
#7 E:\wamp64\www\test02\wp-content\plugins\woocommerce\includes\wc-template-fu in E:\wamp64\www\test02\wp-content\themes\silky-new\woocommerce\cart\proceed-to-checkout-button.php on line 26

2022-07-03T03:24:28+00:00 CRITICAL Uncaught Error: Call to a member function get_cart_contents_count() on null in E:\wamp64\www\test02\wp-content\themes\silky-new\woocommerce\cart\proceed-to-checkout-button.php:29
Stack trace:
#0 E:\wamp64\www\test02\wp-content\plugins\woocommerce\includes\wc-core-functions.php(345): include()
#1 E:\wamp64\www\test02\wp-content\plugins\woocommerce\includes\wc-template-functions.php(2174): wc_get_template('cart/proceed-to...')
#2 E:\wamp64\www\test02\wp-includes\class-wp-hook.php(307): woocommerce_button_proceed_to_checkout('')
#3 E:\wamp64\www\test02\wp-includes\class-wp-hook.php(331): WP_Hook->apply_filters(NULL, Array)
#4 E:\wamp64\www\test02\wp-includes\plugin.php(476): WP_Hook->do_action(Array)
#5 E:\wamp64\www\test02\wp-content\themes\silky-new\woocommerce\cart\cart-totals.php(107): do_action('woocommerce_pro...')
#6 E:\wamp64\www\test02\wp-content\plugins\woocommerce\includes\wc-core-functions.php(345): include('E:\\wamp64\\www\\t...')
#7 E:\wamp64\www\test02\wp-content\plugins\woocommerce\includes\wc-te in E:\wamp64\www\test02\wp-content\themes\silky-new\woocommerce\cart\proceed-to-checkout-button.php on line 29

2022-07-03T03:24:55+00:00 CRITICAL Uncaught Error: Call to a member function get_cart_contents_count() on null in E:\wamp64\www\test02\wp-content\themes\silky-new\woocommerce\cart\proceed-to-checkout-button.php:29
Stack trace:
#0 E:\wamp64\www\test02\wp-content\plugins\woocommerce\includes\wc-core-functions.php(345): include()
#1 E:\wamp64\www\test02\wp-content\plugins\woocommerce\includes\wc-template-functions.php(2174): wc_get_template('cart/proceed-to...')
#2 E:\wamp64\www\test02\wp-includes\class-wp-hook.php(307): woocommerce_button_proceed_to_checkout('')
#3 E:\wamp64\www\test02\wp-includes\class-wp-hook.php(331): WP_Hook->apply_filters(NULL, Array)
#4 E:\wamp64\www\test02\wp-includes\plugin.php(476): WP_Hook->do_action(Array)
#5 E:\wamp64\www\test02\wp-content\themes\silky-new\woocommerce\cart\cart-totals.php(107): do_action('woocommerce_pro...')
#6 E:\wamp64\www\test02\wp-content\plugins\woocommerce\includes\wc-core-functions.php(345): include('E:\\wamp64\\www\\t...')
#7 E:\wamp64\www\test02\wp-content\plugins\woocommerce\includes\wc-te in E:\wamp64\www\test02\wp-content\themes\silky-new\woocommerce\cart\proceed-to-checkout-button.php on line 29

2022-07-03T03:25:04+00:00 CRITICAL Uncaught Error: Call to a member function get_cart_contents_count() on null in E:\wamp64\www\test02\wp-content\themes\silky-new\woocommerce\cart\proceed-to-checkout-button.php:29
Stack trace:
#0 E:\wamp64\www\test02\wp-content\plugins\woocommerce\includes\wc-core-functions.php(345): include()
#1 E:\wamp64\www\test02\wp-content\plugins\woocommerce\includes\wc-template-functions.php(2174): wc_get_template('cart/proceed-to...')
#2 E:\wamp64\www\test02\wp-includes\class-wp-hook.php(307): woocommerce_button_proceed_to_checkout('')
#3 E:\wamp64\www\test02\wp-includes\class-wp-hook.php(331): WP_Hook->apply_filters(NULL, Array)
#4 E:\wamp64\www\test02\wp-includes\plugin.php(476): WP_Hook->do_action(Array)
#5 E:\wamp64\www\test02\wp-content\themes\silky-new\woocommerce\cart\cart-totals.php(107): do_action('woocommerce_pro...')
#6 E:\wamp64\www\test02\wp-content\plugins\woocommerce\includes\wc-core-functions.php(345): include('E:\\wamp64\\www\\t...')
#7 E:\wamp64\www\test02\wp-content\plugins\woocommerce\includes\wc-te in E:\wamp64\www\test02\wp-content\themes\silky-new\woocommerce\cart\proceed-to-checkout-button.php on line 29

2022-07-03T08:29:06+00:00 CRITICAL syntax error, unexpected end of file in E:\wamp64\www\test02\wp-content\themes\silky-new\woocommerce\cart\cart.php on line 178

2022-07-03T08:29:29+00:00 CRITICAL syntax error, unexpected end of file in E:\wamp64\www\test02\wp-content\themes\silky-new\woocommerce\cart\cart.php on line 177

2022-07-03T15:02:33+00:00 CRITICAL Cannot redeclare excerpt_in_cart() (previously declared in E:\wamp64\www\test02\wp-content\themes\silky-new\woocommerce\cart\cart.php:65) in E:\wamp64\www\test02\wp-content\themes\silky-new\woocommerce\cart\cart.php on line 65

2022-07-03T15:08:24+00:00 CRITICAL Cannot redeclare excerpt_in_cart() (previously declared in E:\wamp64\www\test02\wp-content\themes\silky-new\woocommerce\cart\cart.php:54) in E:\wamp64\www\test02\wp-content\themes\silky-new\woocommerce\cart\cart.php on line 54

2022-07-03T15:11:09+00:00 CRITICAL Cannot redeclare excerpt_in_cart() (previously declared in E:\wamp64\www\test02\wp-content\themes\silky-new\woocommerce\cart\cart.php:55) in E:\wamp64\www\test02\wp-content\themes\silky-new\woocommerce\cart\cart.php on line 55

