2022-06-17T02:15:09+00:00 CRITICAL Uncaught TypeError: call_user_func_array(): Argument #1 ($callback) must be a valid callback, function "woocommerce_template_loop_rating" not found or invalid function name in C:\xampp\htdocs\test02\wp-includes\class-wp-hook.php:307
Stack trace:
#0 C:\xampp\htdocs\test02\wp-includes\class-wp-hook.php(331): WP_Hook->apply_filters('', Array)
#1 C:\xampp\htdocs\test02\wp-includes\plugin.php(476): WP_Hook->do_action(Array)
#2 C:\xampp\htdocs\test02\wp-content\themes\understrap-silkyvn\functions.php(32): do_action('woocommerce_aft...')
#3 C:\xampp\htdocs\test02\wp-settings.php(566): include('C:\\xampp\\htdocs...')
#4 C:\xampp\htdocs\test02\wp-config.php(96): require_once('C:\\xampp\\htdocs...')
#5 C:\xampp\htdocs\test02\wp-load.php(50): require_once('C:\\xampp\\htdocs...')
#6 C:\xampp\htdocs\test02\wp-blog-header.php(13): require_once('C:\\xampp\\htdocs...')
#7 C:\xampp\htdocs\test02\index.php(17): require('C:\\xampp\\htdocs...')
#8 {main}
  thrown in C:\xampp\htdocs\test02\wp-includes\class-wp-hook.php on line 307

2022-06-17T02:17:15+00:00 CRITICAL Uncaught ArgumentCountError: Too few arguments to function add_action(), 1 passed in C:\xampp\htdocs\test02\wp-content\themes\understrap-silkyvn\functions.php on line 103 and at least 2 expected in C:\xampp\htdocs\test02\wp-includes\plugin.php:400
Stack trace:
#0 C:\xampp\htdocs\test02\wp-content\themes\understrap-silkyvn\functions.php(103): add_action('woocommerce_aft...')
#1 C:\xampp\htdocs\test02\wp-settings.php(566): include('C:\\xampp\\htdocs...')
#2 C:\xampp\htdocs\test02\wp-config.php(96): require_once('C:\\xampp\\htdocs...')
#3 C:\xampp\htdocs\test02\wp-load.php(50): require_once('C:\\xampp\\htdocs...')
#4 C:\xampp\htdocs\test02\wp-blog-header.php(13): require_once('C:\\xampp\\htdocs...')
#5 C:\xampp\htdocs\test02\index.php(17): require('C:\\xampp\\htdocs...')
#6 {main}
  thrown in C:\xampp\htdocs\test02\wp-includes\plugin.php on line 400

2022-06-17T02:37:39+00:00 CRITICAL Unmatched '}' in C:\xampp\htdocs\test02\wp-content\themes\understrap-silkyvn\functions.php on line 151

2022-06-17T02:57:47+00:00 CRITICAL Uncaught ArgumentCountError: Too few arguments to function apply_filters(), 1 passed in C:\xampp\htdocs\test02\wp-content\themes\understrap-silkyvn\woocommerce\content-product.php on line 61 and exactly 2 expected in C:\xampp\htdocs\test02\wp-includes\plugin.php:165
Stack trace:
#0 C:\xampp\htdocs\test02\wp-content\themes\understrap-silkyvn\woocommerce\content-product.php(61): apply_filters('silky_filter-pr...')
#1 C:\xampp\htdocs\test02\wp-includes\template.php(772): require('C:\\xampp\\htdocs...')
#2 C:\xampp\htdocs\test02\wp-content\plugins\woocommerce\includes\wc-core-functions.php(284): load_template('C:\\xampp\\htdocs...', false)
#3 C:\xampp\htdocs\test02\wp-content\themes\understrap-silkyvn\woocommerce\archive-product.php(69): wc_get_template_part('content', 'product')
#4 C:\xampp\htdocs\test02\wp-includes\template-loader.php(106): include('C:\\xampp\\htdocs...')
#5 C:\xampp\htdocs\test02\wp-blog-header.php(19): require_once('C:\\xampp\\htdocs...')
#6 C:\xampp\htdocs\test02\index.php(17): require('C:\\xampp\\htdocs...')
#7 {main}
  thrown in C:\xampp\htdocs\test02\wp-includes\plugin.php on line 165

2022-06-17T02:58:08+00:00 CRITICAL Uncaught ArgumentCountError: Too few arguments to function apply_filters(), 1 passed in C:\xampp\htdocs\test02\wp-content\themes\understrap-silkyvn\woocommerce\content-product.php on line 61 and exactly 2 expected in C:\xampp\htdocs\test02\wp-includes\plugin.php:165
Stack trace:
#0 C:\xampp\htdocs\test02\wp-content\themes\understrap-silkyvn\woocommerce\content-product.php(61): apply_filters('silky_filter-pr...')
#1 C:\xampp\htdocs\test02\wp-includes\template.php(772): require('C:\\xampp\\htdocs...')
#2 C:\xampp\htdocs\test02\wp-content\plugins\woocommerce\includes\wc-core-functions.php(284): load_template('C:\\xampp\\htdocs...', false)
#3 C:\xampp\htdocs\test02\wp-content\themes\understrap-silkyvn\woocommerce\archive-product.php(69): wc_get_template_part('content', 'product')
#4 C:\xampp\htdocs\test02\wp-includes\template-loader.php(106): include('C:\\xampp\\htdocs...')
#5 C:\xampp\htdocs\test02\wp-blog-header.php(19): require_once('C:\\xampp\\htdocs...')
#6 C:\xampp\htdocs\test02\index.php(17): require('C:\\xampp\\htdocs...')
#7 {main}
  thrown in C:\xampp\htdocs\test02\wp-includes\plugin.php on line 165

2022-06-17T03:01:34+00:00 CRITICAL Uncaught ArgumentCountError: Too few arguments to function apply_filters(), 1 passed in C:\xampp\htdocs\test02\wp-content\themes\understrap-silkyvn\woocommerce\content-product.php on line 61 and exactly 2 expected in C:\xampp\htdocs\test02\wp-includes\plugin.php:165
Stack trace:
#0 C:\xampp\htdocs\test02\wp-content\themes\understrap-silkyvn\woocommerce\content-product.php(61): apply_filters('silky_filter-pr...')
#1 C:\xampp\htdocs\test02\wp-includes\template.php(772): require('C:\\xampp\\htdocs...')
#2 C:\xampp\htdocs\test02\wp-content\plugins\woocommerce\includes\wc-core-functions.php(284): load_template('C:\\xampp\\htdocs...', false)
#3 C:\xampp\htdocs\test02\wp-content\themes\understrap-silkyvn\woocommerce\archive-product.php(69): wc_get_template_part('content', 'product')
#4 C:\xampp\htdocs\test02\wp-includes\template-loader.php(106): include('C:\\xampp\\htdocs...')
#5 C:\xampp\htdocs\test02\wp-blog-header.php(19): require_once('C:\\xampp\\htdocs...')
#6 C:\xampp\htdocs\test02\index.php(17): require('C:\\xampp\\htdocs...')
#7 {main}
  thrown in C:\xampp\htdocs\test02\wp-includes\plugin.php on line 165

2022-06-17T03:06:53+00:00 CRITICAL Uncaught ArgumentCountError: Too few arguments to function apply_filters(), 1 passed in C:\xampp\htdocs\test02\wp-content\themes\understrap-silkyvn\woocommerce\content-product.php on line 61 and exactly 2 expected in C:\xampp\htdocs\test02\wp-includes\plugin.php:165
Stack trace:
#0 C:\xampp\htdocs\test02\wp-content\themes\understrap-silkyvn\woocommerce\content-product.php(61): apply_filters('silky_filter-pr...')
#1 C:\xampp\htdocs\test02\wp-includes\template.php(772): require('C:\\xampp\\htdocs...')
#2 C:\xampp\htdocs\test02\wp-content\plugins\woocommerce\includes\wc-core-functions.php(284): load_template('C:\\xampp\\htdocs...', false)
#3 C:\xampp\htdocs\test02\wp-content\themes\understrap-silkyvn\woocommerce\archive-product.php(69): wc_get_template_part('content', 'product')
#4 C:\xampp\htdocs\test02\wp-includes\template-loader.php(106): include('C:\\xampp\\htdocs...')
#5 C:\xampp\htdocs\test02\wp-blog-header.php(19): require_once('C:\\xampp\\htdocs...')
#6 C:\xampp\htdocs\test02\index.php(17): require('C:\\xampp\\htdocs...')
#7 {main}
  thrown in C:\xampp\htdocs\test02\wp-includes\plugin.php on line 165

2022-06-17T03:10:44+00:00 CRITICAL Uncaught ArgumentCountError: Too few arguments to function apply_filters(), 1 passed in C:\xampp\htdocs\test02\wp-content\themes\understrap-silkyvn\woocommerce\content-product.php on line 62 and exactly 2 expected in C:\xampp\htdocs\test02\wp-includes\plugin.php:165
Stack trace:
#0 C:\xampp\htdocs\test02\wp-content\themes\understrap-silkyvn\woocommerce\content-product.php(62): apply_filters('silky_filter-pr...')
#1 C:\xampp\htdocs\test02\wp-includes\template.php(772): require('C:\\xampp\\htdocs...')
#2 C:\xampp\htdocs\test02\wp-content\plugins\woocommerce\includes\wc-core-functions.php(284): load_template('C:\\xampp\\htdocs...', false)
#3 C:\xampp\htdocs\test02\wp-content\themes\understrap-silkyvn\woocommerce\archive-product.php(69): wc_get_template_part('content', 'product')
#4 C:\xampp\htdocs\test02\wp-includes\template-loader.php(106): include('C:\\xampp\\htdocs...')
#5 C:\xampp\htdocs\test02\wp-blog-header.php(19): require_once('C:\\xampp\\htdocs...')
#6 C:\xampp\htdocs\test02\index.php(17): require('C:\\xampp\\htdocs...')
#7 {main}
  thrown in C:\xampp\htdocs\test02\wp-includes\plugin.php on line 165

2022-06-17T04:43:18+00:00 CRITICAL syntax error, unexpected token "." in C:\xampp\htdocs\test02\wp-content\themes\understrap-silkyvn\functions.php on line 139

2022-06-17T06:15:58+00:00 CRITICAL syntax error, unexpected token "," in C:\xampp\htdocs\test02\wp-content\themes\understrap-silkyvn\woocommerce\single-product\related.php on line 27

2022-06-17T06:27:02+00:00 CRITICAL syntax error, unexpected token "endif", expecting end of file in C:\xampp\htdocs\test02\wp-content\themes\understrap-silkyvn\woocommerce\single-product\related.php on line 48

2022-06-17T07:00:03+00:00 CRITICAL syntax error, unexpected single-quoted string "</h1>", expecting ")" in C:\xampp\htdocs\test02\wp-content\plugins\woocommerce\templates\single-product\title.php on line 22

2022-06-17T08:32:53+00:00 CRITICAL syntax error, unexpected token ",", expecting ")" in C:\xampp\htdocs\test02\wp-content\themes\understrap-silkyvn\woocommerce\single-product\tabs\tabs.php on line 39

2022-06-17T08:45:21+00:00 CRITICAL Uncaught Error: Call to a member function has_weight() on null in C:\xampp\htdocs\test02\wp-content\plugins\woocommerce\includes\wc-template-functions.php:3445
Stack trace:
#0 C:\xampp\htdocs\test02\wp-includes\class-wp-hook.php(307): wc_display_product_attributes(NULL)
#1 C:\xampp\htdocs\test02\wp-includes\class-wp-hook.php(331): WP_Hook->apply_filters('', Array)
#2 C:\xampp\htdocs\test02\wp-includes\plugin.php(476): WP_Hook->do_action(Array)
#3 C:\xampp\htdocs\test02\wp-content\themes\understrap-silkyvn\woocommerce\single-product\tabs\additional-information.php(24): do_action('woocommerce_pro...', NULL)
#4 C:\xampp\htdocs\test02\wp-content\plugins\woocommerce\includes\wc-core-functions.php(345): include('C:\\xampp\\htdocs...')
#5 C:\xampp\htdocs\test02\wp-content\plugins\woocommerce\includes\wc-template-functions.php(1829): wc_get_template('single-product/...')
#6 C:\xampp\htdocs\test02\wp-content\themes\understrap-silkyvn\woocommerce\single-product\tabs\tabs.php(38): woocommerce_product_additional_information_tab('additional_info...', Array)
#7 C:\xampp\htdocs\test02\wp-content\plugins\woocommerce\includes\wc-core-functions.php(345): include('C:\\xampp\\htdocs...')
#8 C:\xampp\htdocs\test02\wp-content\plugins\woocommerce\includes\wc-template-functions.php(1600): wc_get_template('single-product/...')
#9 C:\xampp\htdocs\test02\wp-includes\class-wp-hook.php(307): woocommerce_output_product_data_tabs('')
#10 C:\xampp\htdocs\test02\wp-includes\class-wp-hook.php(331): WP_Hook->apply_filters('', Array)
#11 C:\xampp\htdocs\test02\wp-includes\plugin.php(476): WP_Hook->do_action(Array)
#12 C:\xampp\htdocs\test02\wp-content\themes\understrap-silkyvn\woocommerce\content-single-product.php(72): do_action('woocommerce_aft...')
#13 C:\xampp\htdocs\test02\wp-includes\template.php(772): require('C:\\xampp\\htdocs...')
#14 C:\xampp\htdocs\test02\wp-content\plugins\woocommerce\includes\wc-core-functions.php(284): load_template('C:\\xampp\\htdocs...', false)
#15 C:\xampp\htdocs\test02\wp-content\plugins\woocommerce\templates\single-product.php(38): wc_get_template_part('content', 'single-product')
#16 C:\xampp\htdocs\test02\wp-includes\template-loader.php(106): include('C:\\xampp\\htdocs...')
#17 C:\xampp\htdocs\test02\wp-blog-header.php(19): require_once('C:\\xampp\\htdocs...')
#18 C:\xampp\htdocs\test02\index.php(17): require('C:\\xampp\\htdocs...')
#19 {main}
  thrown in C:\xampp\htdocs\test02\wp-content\plugins\woocommerce\includes\wc-template-functions.php on line 3445

2022-06-17T08:46:52+00:00 CRITICAL syntax error, unexpected token "}" in C:\xampp\htdocs\test02\wp-content\themes\understrap-silkyvn\woocommerce\single-product\tabs\tabs.php on line 40

2022-06-17T09:33:54+00:00 CRITICAL Uncaught TypeError: call_user_func_array(): Argument #1 ($callback) must be a valid callback, function "woocommerce_after_add_to_cart_button" not found or invalid function name in C:\xampp\htdocs\test02\wp-includes\class-wp-hook.php:307
Stack trace:
#0 C:\xampp\htdocs\test02\wp-includes\class-wp-hook.php(331): WP_Hook->apply_filters(NULL, Array)
#1 C:\xampp\htdocs\test02\wp-includes\plugin.php(476): WP_Hook->do_action(Array)
#2 C:\xampp\htdocs\test02\wp-content\themes\understrap-silkyvn\woocommerce\content-single-product.php(60): do_action('woocommerce_sin...')
#3 C:\xampp\htdocs\test02\wp-includes\template.php(772): require('C:\\xampp\\htdocs...')
#4 C:\xampp\htdocs\test02\wp-content\plugins\woocommerce\includes\wc-core-functions.php(284): load_template('C:\\xampp\\htdocs...', false)
#5 C:\xampp\htdocs\test02\wp-content\plugins\woocommerce\templates\single-product.php(38): wc_get_template_part('content', 'single-product')
#6 C:\xampp\htdocs\test02\wp-includes\template-loader.php(106): include('C:\\xampp\\htdocs...')
#7 C:\xampp\htdocs\test02\wp-blog-header.php(19): require_once('C:\\xampp\\htdocs...')
#8 C:\xampp\htdocs\test02\index.php(17): require('C:\\xampp\\htdocs...')
#9 {main}
  thrown in C:\xampp\htdocs\test02\wp-includes\class-wp-hook.php on line 307

2022-06-17T10:11:35+00:00 CRITICAL syntax error, unexpected token "endif", expecting end of file in C:\xampp\htdocs\test02\wp-content\themes\understrap-silkyvn\woocommerce\content-single-product.php on line 102

