2022-08-03T02:49:28+00:00 CRITICAL Uncaught Error: Call to a member function set_currency() on null in E:\wamp64\www\test02\wp-content\themes\silky-new\functions.php:354
Stack trace:
#0 E:\wamp64\www\test02\wp-includes\class-wp-hook.php(307): {closure}('')
#1 E:\wamp64\www\test02\wp-includes\class-wp-hook.php(331): WP_Hook->apply_filters(NULL, Array)
#2 E:\wamp64\www\test02\wp-includes\plugin.php(476): WP_Hook->do_action(Array)
#3 E:\wamp64\www\test02\wp-includes\general-template.php(3042): do_action('wp_head')
#4 E:\wamp64\www\test02\wp-content\themes\silky-new\header.php(23): wp_head()
#5 E:\wamp64\www\test02\wp-includes\template.php(770): require_once('E:\\wamp64\\www\\t...')
#6 E:\wamp64\www\test02\wp-includes\template.php(716): load_template('E:\\wamp64\\www\\t...', true, Array)
#7 E:\wamp64\www\test02\wp-includes\general-template.php(48): locate_template(Array, true, true, Array)
#8 E:\wamp64\www\test02\wp-content\themes\silky-new\page.php(16): get_header()
#9 E:\wamp64\www\test02\wp-includes\template-loader.php(106): include('E:\\wamp64 in E:\wamp64\www\test02\wp-content\themes\silky-new\functions.php on line 354

2022-08-03T02:49:49+00:00 CRITICAL Uncaught Error: Call to a member function set_currency() on null in E:\wamp64\www\test02\wp-content\themes\silky-new\functions.php:354
Stack trace:
#0 E:\wamp64\www\test02\wp-includes\class-wp-hook.php(307): {closure}('')
#1 E:\wamp64\www\test02\wp-includes\class-wp-hook.php(331): WP_Hook->apply_filters(NULL, Array)
#2 E:\wamp64\www\test02\wp-includes\plugin.php(476): WP_Hook->do_action(Array)
#3 E:\wamp64\www\test02\wp-includes\general-template.php(3042): do_action('wp_head')
#4 E:\wamp64\www\test02\wp-content\themes\silky-new\header.php(23): wp_head()
#5 E:\wamp64\www\test02\wp-includes\template.php(770): require_once('E:\\wamp64\\www\\t...')
#6 E:\wamp64\www\test02\wp-includes\template.php(716): load_template('E:\\wamp64\\www\\t...', true, Array)
#7 E:\wamp64\www\test02\wp-includes\general-template.php(48): locate_template(Array, true, true, Array)
#8 E:\wamp64\www\test02\wp-content\themes\silky-new\page.php(16): get_header()
#9 E:\wamp64\www\test02\wp-includes\template-loader.php(106): include('E:\\wamp64 in E:\wamp64\www\test02\wp-content\themes\silky-new\functions.php on line 354

2022-08-03T02:49:54+00:00 CRITICAL Uncaught Error: Call to a member function set_currency() on null in E:\wamp64\www\test02\wp-content\themes\silky-new\functions.php:354
Stack trace:
#0 E:\wamp64\www\test02\wp-includes\class-wp-hook.php(307): {closure}('')
#1 E:\wamp64\www\test02\wp-includes\class-wp-hook.php(331): WP_Hook->apply_filters(NULL, Array)
#2 E:\wamp64\www\test02\wp-includes\plugin.php(476): WP_Hook->do_action(Array)
#3 E:\wamp64\www\test02\wp-includes\general-template.php(3042): do_action('wp_head')
#4 E:\wamp64\www\test02\wp-content\themes\silky-new\header.php(23): wp_head()
#5 E:\wamp64\www\test02\wp-includes\template.php(770): require_once('E:\\wamp64\\www\\t...')
#6 E:\wamp64\www\test02\wp-includes\template.php(716): load_template('E:\\wamp64\\www\\t...', true, Array)
#7 E:\wamp64\www\test02\wp-includes\general-template.php(48): locate_template(Array, true, true, Array)
#8 E:\wamp64\www\test02\wp-content\themes\silky-new\page.php(16): get_header()
#9 E:\wamp64\www\test02\wp-includes\template-loader.php(106): include('E:\\wamp64 in E:\wamp64\www\test02\wp-content\themes\silky-new\functions.php on line 354

2022-08-03T02:49:57+00:00 CRITICAL Uncaught Error: Call to a member function set_currency() on null in E:\wamp64\www\test02\wp-content\themes\silky-new\functions.php:354
Stack trace:
#0 E:\wamp64\www\test02\wp-includes\class-wp-hook.php(307): {closure}('')
#1 E:\wamp64\www\test02\wp-includes\class-wp-hook.php(331): WP_Hook->apply_filters(NULL, Array)
#2 E:\wamp64\www\test02\wp-includes\plugin.php(476): WP_Hook->do_action(Array)
#3 E:\wamp64\www\test02\wp-includes\general-template.php(3042): do_action('wp_head')
#4 E:\wamp64\www\test02\wp-content\themes\silky-new\header.php(23): wp_head()
#5 E:\wamp64\www\test02\wp-includes\template.php(770): require_once('E:\\wamp64\\www\\t...')
#6 E:\wamp64\www\test02\wp-includes\template.php(716): load_template('E:\\wamp64\\www\\t...', true, Array)
#7 E:\wamp64\www\test02\wp-includes\general-template.php(48): locate_template(Array, true, true, Array)
#8 E:\wamp64\www\test02\wp-content\themes\silky-new\page.php(16): get_header()
#9 E:\wamp64\www\test02\wp-includes\template-loader.php(106): include('E:\\wamp64 in E:\wamp64\www\test02\wp-content\themes\silky-new\functions.php on line 354

2022-08-03T02:50:47+00:00 CRITICAL Uncaught Error: Call to a member function set_currency() on null in E:\wamp64\www\test02\wp-content\themes\silky-new\functions.php:348
Stack trace:
#0 E:\wamp64\www\test02\wp-includes\class-wp-hook.php(307): {closure}('')
#1 E:\wamp64\www\test02\wp-includes\class-wp-hook.php(331): WP_Hook->apply_filters(NULL, Array)
#2 E:\wamp64\www\test02\wp-includes\plugin.php(476): WP_Hook->do_action(Array)
#3 E:\wamp64\www\test02\wp-includes\general-template.php(3042): do_action('wp_head')
#4 E:\wamp64\www\test02\wp-content\themes\silky-new\header.php(23): wp_head()
#5 E:\wamp64\www\test02\wp-includes\template.php(770): require_once('E:\\wamp64\\www\\t...')
#6 E:\wamp64\www\test02\wp-includes\template.php(716): load_template('E:\\wamp64\\www\\t...', true, Array)
#7 E:\wamp64\www\test02\wp-includes\general-template.php(48): locate_template(Array, true, true, Array)
#8 E:\wamp64\www\test02\wp-content\themes\silky-new\page.php(16): get_header()
#9 E:\wamp64\www\test02\wp-includes\template-loader.php(106): include('E:\\wamp64 in E:\wamp64\www\test02\wp-content\themes\silky-new\functions.php on line 348

2022-08-03T02:50:49+00:00 CRITICAL Uncaught Error: Call to a member function set_currency() on null in E:\wamp64\www\test02\wp-content\themes\silky-new\functions.php:348
Stack trace:
#0 E:\wamp64\www\test02\wp-includes\class-wp-hook.php(307): {closure}('')
#1 E:\wamp64\www\test02\wp-includes\class-wp-hook.php(331): WP_Hook->apply_filters(NULL, Array)
#2 E:\wamp64\www\test02\wp-includes\plugin.php(476): WP_Hook->do_action(Array)
#3 E:\wamp64\www\test02\wp-includes\general-template.php(3042): do_action('wp_head')
#4 E:\wamp64\www\test02\wp-content\themes\silky-new\header.php(23): wp_head()
#5 E:\wamp64\www\test02\wp-includes\template.php(770): require_once('E:\\wamp64\\www\\t...')
#6 E:\wamp64\www\test02\wp-includes\template.php(716): load_template('E:\\wamp64\\www\\t...', true, Array)
#7 E:\wamp64\www\test02\wp-includes\general-template.php(48): locate_template(Array, true, true, Array)
#8 E:\wamp64\www\test02\wp-content\themes\silky-new\page.php(16): get_header()
#9 E:\wamp64\www\test02\wp-includes\template-loader.php(106): include('E:\\wamp64 in E:\wamp64\www\test02\wp-content\themes\silky-new\functions.php on line 348

2022-08-03T02:51:30+00:00 CRITICAL Uncaught Error: Call to a member function set_currency() on null in E:\wamp64\www\test02\wp-content\themes\silky-new\functions.php:348
Stack trace:
#0 E:\wamp64\www\test02\wp-includes\class-wp-hook.php(307): {closure}('')
#1 E:\wamp64\www\test02\wp-includes\class-wp-hook.php(331): WP_Hook->apply_filters(NULL, Array)
#2 E:\wamp64\www\test02\wp-includes\plugin.php(476): WP_Hook->do_action(Array)
#3 E:\wamp64\www\test02\wp-includes\general-template.php(3042): do_action('wp_head')
#4 E:\wamp64\www\test02\wp-content\themes\silky-new\header.php(23): wp_head()
#5 E:\wamp64\www\test02\wp-includes\template.php(770): require_once('E:\\wamp64\\www\\t...')
#6 E:\wamp64\www\test02\wp-includes\template.php(716): load_template('E:\\wamp64\\www\\t...', true, Array)
#7 E:\wamp64\www\test02\wp-includes\general-template.php(48): locate_template(Array, true, true, Array)
#8 E:\wamp64\www\test02\wp-content\themes\silky-new\page.php(16): get_header()
#9 E:\wamp64\www\test02\wp-includes\template-loader.php(106): include('E:\\wamp64 in E:\wamp64\www\test02\wp-content\themes\silky-new\functions.php on line 348

2022-08-03T03:22:55+00:00 CRITICAL #!trpst#trp-gettext data-trpgettextoriginal=3689#!trpen#Uncaught Error: Call to a member function set_currency() on null in E:\wamp64\www\test02\wp-content\themes\silky-new\functions.php:351
Stack trace:
#0 E:\wamp64\www\test02\wp-includes\class-wp-hook.php(307): {closure}('')
#1 E:\wamp64\www\test02\wp-includes\class-wp-hook.php(331): WP_Hook->apply_filters(NULL, Array)
#2 E:\wamp64\www\test02\wp-includes\plugin.php(476): WP_Hook->do_action(Array)
#3 E:\wamp64\www\test02\wp-includes\general-template.php(3042): do_action('wp_head')
#4 E:\wamp64\www\test02\wp-content\themes\silky-new\header.php(23): wp_head()
#5 E:\wamp64\www\test02\wp-includes\template.php(770): require_once('E:\\wamp64\\www\\t...')
#6 E:\wamp64\www\test02\wp-includes\template.php(716): load_template('E:\\wamp64\\www\\t...', true, Array)
#7 E:\wamp64\www\test02\wp-includes\general-template.php(48): locate_template(Array, true, true, Array)
#8 E:\wamp64\www\test02\wp-content\themes\silky-new\woocommerce\archive-product.php(20): get_header()
#9 E:\wamp64\www\test02\wp-includes\template-loader.php(10 in E:\wamp64\www\test02\wp-content\themes\silky-new\functions.php on line 351#!trpst#/trp-gettext#!trpen#

2022-08-03T03:23:11+00:00 CRITICAL Uncaught Error: Call to a member function set_currency() on null in E:\wamp64\www\test02\wp-content\themes\silky-new\functions.php:348
Stack trace:
#0 E:\wamp64\www\test02\wp-includes\class-wp-hook.php(307): {closure}('')
#1 E:\wamp64\www\test02\wp-includes\class-wp-hook.php(331): WP_Hook->apply_filters(NULL, Array)
#2 E:\wamp64\www\test02\wp-includes\plugin.php(476): WP_Hook->do_action(Array)
#3 E:\wamp64\www\test02\wp-includes\general-template.php(3042): do_action('wp_head')
#4 E:\wamp64\www\test02\wp-content\themes\silky-new\header.php(23): wp_head()
#5 E:\wamp64\www\test02\wp-includes\template.php(770): require_once('E:\\wamp64\\www\\t...')
#6 E:\wamp64\www\test02\wp-includes\template.php(716): load_template('E:\\wamp64\\www\\t...', true, Array)
#7 E:\wamp64\www\test02\wp-includes\general-template.php(48): locate_template(Array, true, true, Array)
#8 E:\wamp64\www\test02\wp-content\themes\silky-new\page.php(16): get_header()
#9 E:\wamp64\www\test02\wp-includes\template-loader.php(106): include('E:\\wamp64 in E:\wamp64\www\test02\wp-content\themes\silky-new\functions.php on line 348

2022-08-03T03:23:17+00:00 CRITICAL Uncaught Error: Call to a member function set_currency() on null in E:\wamp64\www\test02\wp-content\themes\silky-new\functions.php:348
Stack trace:
#0 E:\wamp64\www\test02\wp-includes\class-wp-hook.php(307): {closure}('')
#1 E:\wamp64\www\test02\wp-includes\class-wp-hook.php(331): WP_Hook->apply_filters(NULL, Array)
#2 E:\wamp64\www\test02\wp-includes\plugin.php(476): WP_Hook->do_action(Array)
#3 E:\wamp64\www\test02\wp-includes\general-template.php(3042): do_action('wp_head')
#4 E:\wamp64\www\test02\wp-content\themes\silky-new\header.php(23): wp_head()
#5 E:\wamp64\www\test02\wp-includes\template.php(770): require_once('E:\\wamp64\\www\\t...')
#6 E:\wamp64\www\test02\wp-includes\template.php(716): load_template('E:\\wamp64\\www\\t...', true, Array)
#7 E:\wamp64\www\test02\wp-includes\general-template.php(48): locate_template(Array, true, true, Array)
#8 E:\wamp64\www\test02\wp-content\themes\silky-new\page.php(16): get_header()
#9 E:\wamp64\www\test02\wp-includes\template-loader.php(106): include('E:\\wamp64 in E:\wamp64\www\test02\wp-content\themes\silky-new\functions.php on line 348

2022-08-03T03:23:53+00:00 CRITICAL Uncaught Error: Call to a member function set_currency() on null in E:\wamp64\www\test02\wp-content\themes\silky-new\functions.php:348
Stack trace:
#0 E:\wamp64\www\test02\wp-includes\class-wp-hook.php(307): {closure}('')
#1 E:\wamp64\www\test02\wp-includes\class-wp-hook.php(331): WP_Hook->apply_filters(NULL, Array)
#2 E:\wamp64\www\test02\wp-includes\plugin.php(476): WP_Hook->do_action(Array)
#3 E:\wamp64\www\test02\wp-includes\general-template.php(3042): do_action('wp_head')
#4 E:\wamp64\www\test02\wp-content\themes\silky-new\header.php(23): wp_head()
#5 E:\wamp64\www\test02\wp-includes\template.php(770): require_once('E:\\wamp64\\www\\t...')
#6 E:\wamp64\www\test02\wp-includes\template.php(716): load_template('E:\\wamp64\\www\\t...', true, Array)
#7 E:\wamp64\www\test02\wp-includes\general-template.php(48): locate_template(Array, true, true, Array)
#8 E:\wamp64\www\test02\wp-content\themes\silky-new\page.php(16): get_header()
#9 E:\wamp64\www\test02\wp-includes\template-loader.php(106): include('E:\\wamp64 in E:\wamp64\www\test02\wp-content\themes\silky-new\functions.php on line 348

2022-08-03T03:29:15+00:00 CRITICAL Uncaught Error: Call to a member function set_currency() on null in E:\wamp64\www\test02\wp-content\themes\silky-new\functions.php:348
Stack trace:
#0 E:\wamp64\www\test02\wp-includes\class-wp-hook.php(307): {closure}('')
#1 E:\wamp64\www\test02\wp-includes\class-wp-hook.php(331): WP_Hook->apply_filters(NULL, Array)
#2 E:\wamp64\www\test02\wp-includes\plugin.php(476): WP_Hook->do_action(Array)
#3 E:\wamp64\www\test02\wp-includes\general-template.php(3042): do_action('wp_head')
#4 E:\wamp64\www\test02\wp-content\themes\silky-new\header.php(23): wp_head()
#5 E:\wamp64\www\test02\wp-includes\template.php(770): require_once('E:\\wamp64\\www\\t...')
#6 E:\wamp64\www\test02\wp-includes\template.php(716): load_template('E:\\wamp64\\www\\t...', true, Array)
#7 E:\wamp64\www\test02\wp-includes\general-template.php(48): locate_template(Array, true, true, Array)
#8 E:\wamp64\www\test02\wp-content\themes\silky-new\woocommerce\archive-product.php(20): get_header()
#9 E:\wamp64\www\test02\wp-includes\template-loader.php(10 in E:\wamp64\www\test02\wp-content\themes\silky-new\functions.php on line 348

2022-08-03T03:29:38+00:00 CRITICAL Uncaught Error: Call to a member function set_currency() on null in E:\wamp64\www\test02\wp-content\themes\silky-new\functions.php:348
Stack trace:
#0 E:\wamp64\www\test02\wp-includes\class-wp-hook.php(307): {closure}('')
#1 E:\wamp64\www\test02\wp-includes\class-wp-hook.php(331): WP_Hook->apply_filters(NULL, Array)
#2 E:\wamp64\www\test02\wp-includes\plugin.php(476): WP_Hook->do_action(Array)
#3 E:\wamp64\www\test02\wp-includes\general-template.php(3042): do_action('wp_head')
#4 E:\wamp64\www\test02\wp-content\themes\silky-new\header.php(23): wp_head()
#5 E:\wamp64\www\test02\wp-includes\template.php(770): require_once('E:\\wamp64\\www\\t...')
#6 E:\wamp64\www\test02\wp-includes\template.php(716): load_template('E:\\wamp64\\www\\t...', true, Array)
#7 E:\wamp64\www\test02\wp-includes\general-template.php(48): locate_template(Array, true, true, Array)
#8 E:\wamp64\www\test02\wp-content\themes\silky-new\woocommerce\archive-product.php(20): get_header()
#9 E:\wamp64\www\test02\wp-includes\template-loader.php(10 in E:\wamp64\www\test02\wp-content\themes\silky-new\functions.php on line 348

2022-08-03T03:30:04+00:00 CRITICAL Uncaught Error: Call to a member function set_currency() on null in E:\wamp64\www\test02\wp-content\themes\silky-new\functions.php:348
Stack trace:
#0 E:\wamp64\www\test02\wp-includes\class-wp-hook.php(307): {closure}('')
#1 E:\wamp64\www\test02\wp-includes\class-wp-hook.php(331): WP_Hook->apply_filters(NULL, Array)
#2 E:\wamp64\www\test02\wp-includes\plugin.php(476): WP_Hook->do_action(Array)
#3 E:\wamp64\www\test02\wp-includes\general-template.php(3042): do_action('wp_head')
#4 E:\wamp64\www\test02\wp-content\themes\silky-new\header.php(23): wp_head()
#5 E:\wamp64\www\test02\wp-includes\template.php(770): require_once('E:\\wamp64\\www\\t...')
#6 E:\wamp64\www\test02\wp-includes\template.php(716): load_template('E:\\wamp64\\www\\t...', true, Array)
#7 E:\wamp64\www\test02\wp-includes\general-template.php(48): locate_template(Array, true, true, Array)
#8 E:\wamp64\www\test02\wp-content\themes\silky-new\woocommerce\archive-product.php(20): get_header()
#9 E:\wamp64\www\test02\wp-includes\template-loader.php(10 in E:\wamp64\www\test02\wp-content\themes\silky-new\functions.php on line 348

2022-08-03T03:30:13+00:00 CRITICAL Uncaught Error: Call to a member function set_currency() on null in E:\wamp64\www\test02\wp-content\themes\silky-new\functions.php:348
Stack trace:
#0 E:\wamp64\www\test02\wp-includes\class-wp-hook.php(307): {closure}('')
#1 E:\wamp64\www\test02\wp-includes\class-wp-hook.php(331): WP_Hook->apply_filters(NULL, Array)
#2 E:\wamp64\www\test02\wp-includes\plugin.php(476): WP_Hook->do_action(Array)
#3 E:\wamp64\www\test02\wp-includes\general-template.php(3042): do_action('wp_head')
#4 E:\wamp64\www\test02\wp-content\themes\silky-new\header.php(23): wp_head()
#5 E:\wamp64\www\test02\wp-includes\template.php(770): require_once('E:\\wamp64\\www\\t...')
#6 E:\wamp64\www\test02\wp-includes\template.php(716): load_template('E:\\wamp64\\www\\t...', true, Array)
#7 E:\wamp64\www\test02\wp-includes\general-template.php(48): locate_template(Array, true, true, Array)
#8 E:\wamp64\www\test02\wp-content\themes\silky-new\woocommerce\archive-product.php(20): get_header()
#9 E:\wamp64\www\test02\wp-includes\template-loader.php(10 in E:\wamp64\www\test02\wp-content\themes\silky-new\functions.php on line 348

2022-08-03T03:30:38+00:00 CRITICAL Uncaught Error: Call to a member function set_currency() on null in E:\wamp64\www\test02\wp-content\themes\silky-new\functions.php:348
Stack trace:
#0 E:\wamp64\www\test02\wp-includes\class-wp-hook.php(307): {closure}('')
#1 E:\wamp64\www\test02\wp-includes\class-wp-hook.php(331): WP_Hook->apply_filters(NULL, Array)
#2 E:\wamp64\www\test02\wp-includes\plugin.php(476): WP_Hook->do_action(Array)
#3 E:\wamp64\www\test02\wp-includes\general-template.php(3042): do_action('wp_head')
#4 E:\wamp64\www\test02\wp-content\themes\silky-new\header.php(23): wp_head()
#5 E:\wamp64\www\test02\wp-includes\template.php(770): require_once('E:\\wamp64\\www\\t...')
#6 E:\wamp64\www\test02\wp-includes\template.php(716): load_template('E:\\wamp64\\www\\t...', true, Array)
#7 E:\wamp64\www\test02\wp-includes\general-template.php(48): locate_template(Array, true, true, Array)
#8 E:\wamp64\www\test02\wp-content\themes\silky-new\woocommerce\archive-product.php(20): get_header()
#9 E:\wamp64\www\test02\wp-includes\template-loader.php(10 in E:\wamp64\www\test02\wp-content\themes\silky-new\functions.php on line 348

2022-08-03T03:30:46+00:00 CRITICAL Uncaught Error: Call to a member function set_currency() on null in E:\wamp64\www\test02\wp-content\themes\silky-new\functions.php:348
Stack trace:
#0 E:\wamp64\www\test02\wp-includes\class-wp-hook.php(307): {closure}('')
#1 E:\wamp64\www\test02\wp-includes\class-wp-hook.php(331): WP_Hook->apply_filters(NULL, Array)
#2 E:\wamp64\www\test02\wp-includes\plugin.php(476): WP_Hook->do_action(Array)
#3 E:\wamp64\www\test02\wp-includes\general-template.php(3042): do_action('wp_head')
#4 E:\wamp64\www\test02\wp-content\themes\silky-new\header.php(23): wp_head()
#5 E:\wamp64\www\test02\wp-includes\template.php(770): require_once('E:\\wamp64\\www\\t...')
#6 E:\wamp64\www\test02\wp-includes\template.php(716): load_template('E:\\wamp64\\www\\t...', true, Array)
#7 E:\wamp64\www\test02\wp-includes\general-template.php(48): locate_template(Array, true, true, Array)
#8 E:\wamp64\www\test02\wp-content\themes\silky-new\page.php(16): get_header()
#9 E:\wamp64\www\test02\wp-includes\template-loader.php(106): include('E:\\wamp64 in E:\wamp64\www\test02\wp-content\themes\silky-new\functions.php on line 348

2022-08-03T03:30:50+00:00 CRITICAL Uncaught Error: Call to a member function set_currency() on null in E:\wamp64\www\test02\wp-content\themes\silky-new\functions.php:348
Stack trace:
#0 E:\wamp64\www\test02\wp-includes\class-wp-hook.php(307): {closure}('')
#1 E:\wamp64\www\test02\wp-includes\class-wp-hook.php(331): WP_Hook->apply_filters(NULL, Array)
#2 E:\wamp64\www\test02\wp-includes\plugin.php(476): WP_Hook->do_action(Array)
#3 E:\wamp64\www\test02\wp-includes\general-template.php(3042): do_action('wp_head')
#4 E:\wamp64\www\test02\wp-content\themes\silky-new\header.php(23): wp_head()
#5 E:\wamp64\www\test02\wp-includes\template.php(770): require_once('E:\\wamp64\\www\\t...')
#6 E:\wamp64\www\test02\wp-includes\template.php(716): load_template('E:\\wamp64\\www\\t...', true, Array)
#7 E:\wamp64\www\test02\wp-includes\general-template.php(48): locate_template(Array, true, true, Array)
#8 E:\wamp64\www\test02\wp-content\themes\silky-new\page.php(16): get_header()
#9 E:\wamp64\www\test02\wp-includes\template-loader.php(106): include('E:\\wamp64 in E:\wamp64\www\test02\wp-content\themes\silky-new\functions.php on line 348

2022-08-03T03:31:20+00:00 CRITICAL Uncaught Error: Call to a member function set_currency() on null in E:\wamp64\www\test02\wp-content\themes\silky-new\functions.php:358
Stack trace:
#0 E:\wamp64\www\test02\wp-settings.php(566): include()
#1 E:\wamp64\www\test02\wp-config.php(99): require_once('E:\\wamp64\\www\\t...')
#2 E:\wamp64\www\test02\wp-load.php(50): require_once('E:\\wamp64\\www\\t...')
#3 E:\wamp64\www\test02\wp-blog-header.php(13): require_once('E:\\wamp64\\www\\t...')
#4 E:\wamp64\www\test02\index.php(17): require('E:\\wamp64\\www\\t...')
#5 {main}
  thrown in E:\wamp64\www\test02\wp-content\themes\silky-new\functions.php on line 358

2022-08-03T03:31:23+00:00 CRITICAL Uncaught Error: Call to a member function set_currency() on null in E:\wamp64\www\test02\wp-content\themes\silky-new\functions.php:358
Stack trace:
#0 E:\wamp64\www\test02\wp-settings.php(566): include()
#1 E:\wamp64\www\test02\wp-config.php(99): require_once('E:\\wamp64\\www\\t...')
#2 E:\wamp64\www\test02\wp-load.php(50): require_once('E:\\wamp64\\www\\t...')
#3 E:\wamp64\www\test02\wp-blog-header.php(13): require_once('E:\\wamp64\\www\\t...')
#4 E:\wamp64\www\test02\index.php(17): require('E:\\wamp64\\www\\t...')
#5 {main}
  thrown in E:\wamp64\www\test02\wp-content\themes\silky-new\functions.php on line 358

2022-08-03T03:31:46+00:00 CRITICAL Uncaught Error: Call to a member function set_currency() on null in E:\wamp64\www\test02\wp-content\themes\silky-new\functions.php:348
Stack trace:
#0 E:\wamp64\www\test02\wp-includes\class-wp-hook.php(307): {closure}('')
#1 E:\wamp64\www\test02\wp-includes\class-wp-hook.php(331): WP_Hook->apply_filters(NULL, Array)
#2 E:\wamp64\www\test02\wp-includes\plugin.php(476): WP_Hook->do_action(Array)
#3 E:\wamp64\www\test02\wp-includes\general-template.php(3042): do_action('wp_head')
#4 E:\wamp64\www\test02\wp-content\themes\silky-new\header.php(23): wp_head()
#5 E:\wamp64\www\test02\wp-includes\template.php(770): require_once('E:\\wamp64\\www\\t...')
#6 E:\wamp64\www\test02\wp-includes\template.php(716): load_template('E:\\wamp64\\www\\t...', true, Array)
#7 E:\wamp64\www\test02\wp-includes\general-template.php(48): locate_template(Array, true, true, Array)
#8 E:\wamp64\www\test02\wp-content\themes\silky-new\page.php(16): get_header()
#9 E:\wamp64\www\test02\wp-includes\template-loader.php(106): include('E:\\wamp64 in E:\wamp64\www\test02\wp-content\themes\silky-new\functions.php on line 348

2022-08-03T03:32:16+00:00 CRITICAL Uncaught Error: Call to a member function set_currency() on null in E:\wamp64\www\test02\wp-content\themes\silky-new\functions.php:348
Stack trace:
#0 E:\wamp64\www\test02\wp-includes\class-wp-hook.php(307): {closure}('')
#1 E:\wamp64\www\test02\wp-includes\class-wp-hook.php(331): WP_Hook->apply_filters('', Array)
#2 E:\wamp64\www\test02\wp-includes\plugin.php(476): WP_Hook->do_action(Array)
#3 E:\wamp64\www\test02\wp-includes\general-template.php(3042): do_action('wp_head')
#4 E:\wamp64\www\test02\wp-content\themes\silky-new\header.php(23): wp_head()
#5 E:\wamp64\www\test02\wp-includes\template.php(770): require_once('E:\\wamp64\\www\\t...')
#6 E:\wamp64\www\test02\wp-includes\template.php(716): load_template('E:\\wamp64\\www\\t...', true, Array)
#7 E:\wamp64\www\test02\wp-includes\general-template.php(48): locate_template(Array, true, true, Array)
#8 E:\wamp64\www\test02\wp-content\themes\silky-new\page.php(16): get_header()
#9 E:\wamp64\www\test02\wp-includes\template-loader.php(106): include('E:\\wamp64\\ in E:\wamp64\www\test02\wp-content\themes\silky-new\functions.php on line 348

2022-08-03T03:35:12+00:00 CRITICAL Uncaught Error: Call to a member function set_currency() on null in E:\wamp64\www\test02\wp-content\themes\silky-new\functions.php:348
Stack trace:
#0 E:\wamp64\www\test02\wp-includes\class-wp-hook.php(307): {closure}('')
#1 E:\wamp64\www\test02\wp-includes\class-wp-hook.php(331): WP_Hook->apply_filters('', Array)
#2 E:\wamp64\www\test02\wp-includes\plugin.php(476): WP_Hook->do_action(Array)
#3 E:\wamp64\www\test02\wp-includes\general-template.php(3042): do_action('wp_head')
#4 E:\wamp64\www\test02\wp-content\themes\silky-new\header.php(23): wp_head()
#5 E:\wamp64\www\test02\wp-includes\template.php(770): require_once('E:\\wamp64\\www\\t...')
#6 E:\wamp64\www\test02\wp-includes\template.php(716): load_template('E:\\wamp64\\www\\t...', true, Array)
#7 E:\wamp64\www\test02\wp-includes\general-template.php(48): locate_template(Array, true, true, Array)
#8 E:\wamp64\www\test02\wp-content\themes\silky-new\page.php(16): get_header()
#9 E:\wamp64\www\test02\wp-includes\template-loader.php(106): include('E:\\wamp64\\ in E:\wamp64\www\test02\wp-content\themes\silky-new\functions.php on line 348

2022-08-03T04:33:51+00:00 CRITICAL #!trpst#trp-gettext data-trpgettextoriginal=3689#!trpen#Uncaught Error: Call to a member function get_price() on string in E:\wamp64\www\test02\wp-content\plugins\side-cart-woocommerce\templates\global\body\product.php:68
Stack trace:
#0 E:\wamp64\www\test02\wp-content\plugins\side-cart-woocommerce\includes\xoo-framework\class-xoo-helper.php(57): include()
#1 E:\wamp64\www\test02\wp-content\plugins\side-cart-woocommerce\templates\xoo-wsc-body.php(113): Xoo_Helper->get_template('global/body/pro...', Array)
#2 E:\wamp64\www\test02\wp-content\plugins\side-cart-woocommerce\includes\xoo-framework\class-xoo-helper.php(57): include('E:\\wamp64\\www\\t...')
#3 E:\wamp64\www\test02\wp-content\themes\silky-new\xoo-wsc-container.php(44): Xoo_Helper->get_template('xoo-wsc-body.ph...')
#4 E:\wamp64\www\test02\wp-content\plugins\side-cart-woocommerce\includes\xoo-framework\class-xoo-helper.php(57): include('E:\\wamp64\\www\\t...')
#5 E:\wamp64\www\test02\wp-content\plugins\side-cart-woocommerce\templates\xoo-wsc-markup.php(24): Xoo_Helper->get_template('xoo-wsc-contain...')
#6  in E:\wamp64\www\test02\wp-content\plugins\side-cart-woocommerce\templates\global\body\product.php on line 68#!trpst#/trp-gettext#!trpen#

2022-08-03T04:33:53+00:00 CRITICAL #!trpst#trp-gettext data-trpgettextoriginal=3689#!trpen#Uncaught Error: Call to a member function get_price() on string in E:\wamp64\www\test02\wp-content\plugins\side-cart-woocommerce\templates\global\body\product.php:68
Stack trace:
#0 E:\wamp64\www\test02\wp-content\plugins\side-cart-woocommerce\includes\xoo-framework\class-xoo-helper.php(57): include()
#1 E:\wamp64\www\test02\wp-content\plugins\side-cart-woocommerce\templates\xoo-wsc-body.php(113): Xoo_Helper->get_template('global/body/pro...', Array)
#2 E:\wamp64\www\test02\wp-content\plugins\side-cart-woocommerce\includes\xoo-framework\class-xoo-helper.php(57): include('E:\\wamp64\\www\\t...')
#3 E:\wamp64\www\test02\wp-content\themes\silky-new\xoo-wsc-container.php(44): Xoo_Helper->get_template('xoo-wsc-body.ph...')
#4 E:\wamp64\www\test02\wp-content\plugins\side-cart-woocommerce\includes\xoo-framework\class-xoo-helper.php(57): include('E:\\wamp64\\www\\t...')
#5 E:\wamp64\www\test02\wp-content\plugins\side-cart-woocommerce\templates\xoo-wsc-markup.php(24): Xoo_Helper->get_template('xoo-wsc-contain...')
#6  in E:\wamp64\www\test02\wp-content\plugins\side-cart-woocommerce\templates\global\body\product.php on line 68#!trpst#/trp-gettext#!trpen#

2022-08-03T04:33:57+00:00 CRITICAL #!trpst#trp-gettext data-trpgettextoriginal=3689#!trpen#Uncaught Error: Call to a member function get_price() on string in E:\wamp64\www\test02\wp-content\plugins\side-cart-woocommerce\templates\global\body\product.php:68
Stack trace:
#0 E:\wamp64\www\test02\wp-content\plugins\side-cart-woocommerce\includes\xoo-framework\class-xoo-helper.php(57): include()
#1 E:\wamp64\www\test02\wp-content\plugins\side-cart-woocommerce\templates\xoo-wsc-body.php(113): Xoo_Helper->get_template('global/body/pro...', Array)
#2 E:\wamp64\www\test02\wp-content\plugins\side-cart-woocommerce\includes\xoo-framework\class-xoo-helper.php(57): include('E:\\wamp64\\www\\t...')
#3 E:\wamp64\www\test02\wp-content\themes\silky-new\xoo-wsc-container.php(44): Xoo_Helper->get_template('xoo-wsc-body.ph...')
#4 E:\wamp64\www\test02\wp-content\plugins\side-cart-woocommerce\includes\xoo-framework\class-xoo-helper.php(57): include('E:\\wamp64\\www\\t...')
#5 E:\wamp64\www\test02\wp-content\plugins\side-cart-woocommerce\templates\xoo-wsc-markup.php(24): Xoo_Helper->get_template('xoo-wsc-contain...')
#6  in E:\wamp64\www\test02\wp-content\plugins\side-cart-woocommerce\templates\global\body\product.php on line 68#!trpst#/trp-gettext#!trpen#

2022-08-03T04:33:58+00:00 CRITICAL #!trpst#trp-gettext data-trpgettextoriginal=3689#!trpen#Uncaught Error: Call to a member function get_price() on string in E:\wamp64\www\test02\wp-content\plugins\side-cart-woocommerce\templates\global\body\product.php:68
Stack trace:
#0 E:\wamp64\www\test02\wp-content\plugins\side-cart-woocommerce\includes\xoo-framework\class-xoo-helper.php(57): include()
#1 E:\wamp64\www\test02\wp-content\plugins\side-cart-woocommerce\templates\xoo-wsc-body.php(113): Xoo_Helper->get_template('global/body/pro...', Array)
#2 E:\wamp64\www\test02\wp-content\plugins\side-cart-woocommerce\includes\xoo-framework\class-xoo-helper.php(57): include('E:\\wamp64\\www\\t...')
#3 E:\wamp64\www\test02\wp-content\themes\silky-new\xoo-wsc-container.php(44): Xoo_Helper->get_template('xoo-wsc-body.ph...')
#4 E:\wamp64\www\test02\wp-content\plugins\side-cart-woocommerce\includes\xoo-framework\class-xoo-helper.php(57): include('E:\\wamp64\\www\\t...')
#5 E:\wamp64\www\test02\wp-content\plugins\side-cart-woocommerce\templates\xoo-wsc-markup.php(24): Xoo_Helper->get_template('xoo-wsc-contain...')
#6  in E:\wamp64\www\test02\wp-content\plugins\side-cart-woocommerce\templates\global\body\product.php on line 68#!trpst#/trp-gettext#!trpen#

2022-08-03T04:34:06+00:00 CRITICAL #!trpst#trp-gettext data-trpgettextoriginal=3689#!trpen#Uncaught Error: Call to a member function get_price() on string in E:\wamp64\www\test02\wp-content\plugins\side-cart-woocommerce\templates\global\body\product.php:68
Stack trace:
#0 E:\wamp64\www\test02\wp-content\plugins\side-cart-woocommerce\includes\xoo-framework\class-xoo-helper.php(57): include()
#1 E:\wamp64\www\test02\wp-content\plugins\side-cart-woocommerce\templates\xoo-wsc-body.php(113): Xoo_Helper->get_template('global/body/pro...', Array)
#2 E:\wamp64\www\test02\wp-content\plugins\side-cart-woocommerce\includes\xoo-framework\class-xoo-helper.php(57): include('E:\\wamp64\\www\\t...')
#3 E:\wamp64\www\test02\wp-content\themes\silky-new\xoo-wsc-container.php(44): Xoo_Helper->get_template('xoo-wsc-body.ph...')
#4 E:\wamp64\www\test02\wp-content\plugins\side-cart-woocommerce\includes\xoo-framework\class-xoo-helper.php(57): include('E:\\wamp64\\www\\t...')
#5 E:\wamp64\www\test02\wp-content\plugins\side-cart-woocommerce\templates\xoo-wsc-markup.php(24): Xoo_Helper->get_template('xoo-wsc-contain...')
#6  in E:\wamp64\www\test02\wp-content\plugins\side-cart-woocommerce\templates\global\body\product.php on line 68#!trpst#/trp-gettext#!trpen#

2022-08-03T04:34:07+00:00 CRITICAL #!trpst#trp-gettext data-trpgettextoriginal=3689#!trpen#Uncaught Error: Call to a member function get_price() on string in E:\wamp64\www\test02\wp-content\plugins\side-cart-woocommerce\templates\global\body\product.php:68
Stack trace:
#0 E:\wamp64\www\test02\wp-content\plugins\side-cart-woocommerce\includes\xoo-framework\class-xoo-helper.php(57): include()
#1 E:\wamp64\www\test02\wp-content\plugins\side-cart-woocommerce\templates\xoo-wsc-body.php(113): Xoo_Helper->get_template('global/body/pro...', Array)
#2 E:\wamp64\www\test02\wp-content\plugins\side-cart-woocommerce\includes\xoo-framework\class-xoo-helper.php(57): include('E:\\wamp64\\www\\t...')
#3 E:\wamp64\www\test02\wp-content\themes\silky-new\xoo-wsc-container.php(44): Xoo_Helper->get_template('xoo-wsc-body.ph...')
#4 E:\wamp64\www\test02\wp-content\plugins\side-cart-woocommerce\includes\xoo-framework\class-xoo-helper.php(57): include('E:\\wamp64\\www\\t...')
#5 E:\wamp64\www\test02\wp-content\plugins\side-cart-woocommerce\templates\xoo-wsc-markup.php(24): Xoo_Helper->get_template('xoo-wsc-contain...')
#6  in E:\wamp64\www\test02\wp-content\plugins\side-cart-woocommerce\templates\global\body\product.php on line 68#!trpst#/trp-gettext#!trpen#

2022-08-03T04:36:56+00:00 CRITICAL #!trpst#trp-gettext data-trpgettextoriginal=3689#!trpen#Uncaught Error: Call to a member function get_price() on string in E:\wamp64\www\test02\wp-content\plugins\side-cart-woocommerce\templates\global\body\product.php:68
Stack trace:
#0 E:\wamp64\www\test02\wp-content\plugins\side-cart-woocommerce\includes\xoo-framework\class-xoo-helper.php(57): include()
#1 E:\wamp64\www\test02\wp-content\plugins\side-cart-woocommerce\templates\xoo-wsc-body.php(113): Xoo_Helper->get_template('global/body/pro...', Array)
#2 E:\wamp64\www\test02\wp-content\plugins\side-cart-woocommerce\includes\xoo-framework\class-xoo-helper.php(57): include('E:\\wamp64\\www\\t...')
#3 E:\wamp64\www\test02\wp-content\themes\silky-new\xoo-wsc-container.php(44): Xoo_Helper->get_template('xoo-wsc-body.ph...')
#4 E:\wamp64\www\test02\wp-content\plugins\side-cart-woocommerce\includes\xoo-framework\class-xoo-helper.php(57): include('E:\\wamp64\\www\\t...')
#5 E:\wamp64\www\test02\wp-content\plugins\side-cart-woocommerce\templates\xoo-wsc-markup.php(24): Xoo_Helper->get_template('xoo-wsc-contain...')
#6  in E:\wamp64\www\test02\wp-content\plugins\side-cart-woocommerce\templates\global\body\product.php on line 68#!trpst#/trp-gettext#!trpen#

2022-08-03T04:36:57+00:00 CRITICAL #!trpst#trp-gettext data-trpgettextoriginal=3689#!trpen#Uncaught Error: Call to a member function get_price() on string in E:\wamp64\www\test02\wp-content\plugins\side-cart-woocommerce\templates\global\body\product.php:68
Stack trace:
#0 E:\wamp64\www\test02\wp-content\plugins\side-cart-woocommerce\includes\xoo-framework\class-xoo-helper.php(57): include()
#1 E:\wamp64\www\test02\wp-content\plugins\side-cart-woocommerce\templates\xoo-wsc-body.php(113): Xoo_Helper->get_template('global/body/pro...', Array)
#2 E:\wamp64\www\test02\wp-content\plugins\side-cart-woocommerce\includes\xoo-framework\class-xoo-helper.php(57): include('E:\\wamp64\\www\\t...')
#3 E:\wamp64\www\test02\wp-content\themes\silky-new\xoo-wsc-container.php(44): Xoo_Helper->get_template('xoo-wsc-body.ph...')
#4 E:\wamp64\www\test02\wp-content\plugins\side-cart-woocommerce\includes\xoo-framework\class-xoo-helper.php(57): include('E:\\wamp64\\www\\t...')
#5 E:\wamp64\www\test02\wp-content\plugins\side-cart-woocommerce\templates\xoo-wsc-markup.php(24): Xoo_Helper->get_template('xoo-wsc-contain...')
#6  in E:\wamp64\www\test02\wp-content\plugins\side-cart-woocommerce\templates\global\body\product.php on line 68#!trpst#/trp-gettext#!trpen#

2022-08-03T04:44:45+00:00 CRITICAL #!trpst#trp-gettext data-trpgettextoriginal=3689#!trpen#Cannot redeclare my_function() (previously declared in E:\wamp64\www\test02\wp-content\plugins\side-cart-woocommerce\templates\global\body\product.php:70) in E:\wamp64\www\test02\wp-content\plugins\side-cart-woocommerce\templates\global\body\product.php on line 70#!trpst#/trp-gettext#!trpen#

2022-08-03T04:44:46+00:00 CRITICAL #!trpst#trp-gettext data-trpgettextoriginal=3689#!trpen#Cannot redeclare my_function() (previously declared in E:\wamp64\www\test02\wp-content\plugins\side-cart-woocommerce\templates\global\body\product.php:70) in E:\wamp64\www\test02\wp-content\plugins\side-cart-woocommerce\templates\global\body\product.php on line 70#!trpst#/trp-gettext#!trpen#

2022-08-03T04:45:29+00:00 CRITICAL #!trpst#trp-gettext data-trpgettextoriginal=3689#!trpen#Cannot redeclare my_function() (previously declared in E:\wamp64\www\test02\wp-content\plugins\side-cart-woocommerce\templates\global\body\product.php:70) in E:\wamp64\www\test02\wp-content\plugins\side-cart-woocommerce\templates\global\body\product.php on line 70#!trpst#/trp-gettext#!trpen#

2022-08-03T04:45:30+00:00 CRITICAL #!trpst#trp-gettext data-trpgettextoriginal=3689#!trpen#Cannot redeclare my_function() (previously declared in E:\wamp64\www\test02\wp-content\plugins\side-cart-woocommerce\templates\global\body\product.php:70) in E:\wamp64\www\test02\wp-content\plugins\side-cart-woocommerce\templates\global\body\product.php on line 70#!trpst#/trp-gettext#!trpen#

2022-08-03T05:00:43+00:00 CRITICAL Uncaught Error: Call to a member function get_price() on null in E:\wamp64\www\test02\wp-content\plugins\side-cart-woocommerce\templates\global\footer\totals.php:37
Stack trace:
#0 E:\wamp64\www\test02\wp-content\plugins\side-cart-woocommerce\includes\xoo-framework\class-xoo-helper.php(57): include()
#1 E:\wamp64\www\test02\wp-content\plugins\side-cart-woocommerce\templates\xoo-wsc-footer.php(25): Xoo_Helper->get_template('global/footer/t...')
#2 E:\wamp64\www\test02\wp-content\plugins\side-cart-woocommerce\includes\xoo-framework\class-xoo-helper.php(57): include('E:\\wamp64\\www\\t...')
#3 E:\wamp64\www\test02\wp-content\themes\silky-new\xoo-wsc-container.php(54): Xoo_Helper->get_template('xoo-wsc-footer....')
#4 E:\wamp64\www\test02\wp-content\plugins\side-cart-woocommerce\includes\xoo-framework\class-xoo-helper.php(57): include('E:\\wamp64\\www\\t...')
#5 E:\wamp64\www\test02\wp-content\plugins\side-cart-woocommerce\templates\xoo-wsc-markup.php(24): Xoo_Helper->get_template('xoo-wsc-contain...')
#6 E:\wamp in E:\wamp64\www\test02\wp-content\plugins\side-cart-woocommerce\templates\global\footer\totals.php on line 37

2022-08-03T05:08:51+00:00 CRITICAL syntax error, unexpected 'for' (T_FOR) in E:\wamp64\www\test02\wp-content\plugins\side-cart-woocommerce\templates\global\footer\totals.php on line 39

2022-08-03T05:09:02+00:00 CRITICAL Uncaught Error: Call to a member function get_price() on null in E:\wamp64\www\test02\wp-content\plugins\side-cart-woocommerce\templates\global\footer\totals.php:37
Stack trace:
#0 E:\wamp64\www\test02\wp-content\plugins\side-cart-woocommerce\includes\xoo-framework\class-xoo-helper.php(57): include()
#1 E:\wamp64\www\test02\wp-content\plugins\side-cart-woocommerce\templates\xoo-wsc-footer.php(25): Xoo_Helper->get_template('global/footer/t...')
#2 E:\wamp64\www\test02\wp-content\plugins\side-cart-woocommerce\includes\xoo-framework\class-xoo-helper.php(57): include('E:\\wamp64\\www\\t...')
#3 E:\wamp64\www\test02\wp-content\themes\silky-new\xoo-wsc-container.php(54): Xoo_Helper->get_template('xoo-wsc-footer....')
#4 E:\wamp64\www\test02\wp-content\plugins\side-cart-woocommerce\includes\xoo-framework\class-xoo-helper.php(57): include('E:\\wamp64\\www\\t...')
#5 E:\wamp64\www\test02\wp-content\plugins\side-cart-woocommerce\templates\xoo-wsc-markup.php(24): Xoo_Helper->get_template('xoo-wsc-contain...')
#6 E:\wamp in E:\wamp64\www\test02\wp-content\plugins\side-cart-woocommerce\templates\global\footer\totals.php on line 37

2022-08-03T05:09:39+00:00 CRITICAL Uncaught Error: Call to a member function get_price() on null in E:\wamp64\www\test02\wp-content\plugins\side-cart-woocommerce\templates\global\footer\totals.php:39
Stack trace:
#0 E:\wamp64\www\test02\wp-content\plugins\side-cart-woocommerce\includes\xoo-framework\class-xoo-helper.php(57): include()
#1 E:\wamp64\www\test02\wp-content\plugins\side-cart-woocommerce\templates\xoo-wsc-footer.php(25): Xoo_Helper->get_template('global/footer/t...')
#2 E:\wamp64\www\test02\wp-content\plugins\side-cart-woocommerce\includes\xoo-framework\class-xoo-helper.php(57): include('E:\\wamp64\\www\\t...')
#3 E:\wamp64\www\test02\wp-content\themes\silky-new\xoo-wsc-container.php(54): Xoo_Helper->get_template('xoo-wsc-footer....')
#4 E:\wamp64\www\test02\wp-content\plugins\side-cart-woocommerce\includes\xoo-framework\class-xoo-helper.php(57): include('E:\\wamp64\\www\\t...')
#5 E:\wamp64\www\test02\wp-content\plugins\side-cart-woocommerce\templates\xoo-wsc-markup.php(24): Xoo_Helper->get_template('xoo-wsc-contain...')
#6 E:\wamp in E:\wamp64\www\test02\wp-content\plugins\side-cart-woocommerce\templates\global\footer\totals.php on line 39

2022-08-03T05:10:28+00:00 CRITICAL Uncaught Error: Call to a member function get_price() on null in E:\wamp64\www\test02\wp-content\plugins\side-cart-woocommerce\templates\global\footer\totals.php:39
Stack trace:
#0 E:\wamp64\www\test02\wp-content\plugins\side-cart-woocommerce\includes\xoo-framework\class-xoo-helper.php(57): include()
#1 E:\wamp64\www\test02\wp-content\plugins\side-cart-woocommerce\templates\xoo-wsc-footer.php(25): Xoo_Helper->get_template('global/footer/t...')
#2 E:\wamp64\www\test02\wp-content\plugins\side-cart-woocommerce\includes\xoo-framework\class-xoo-helper.php(57): include('E:\\wamp64\\www\\t...')
#3 E:\wamp64\www\test02\wp-content\themes\silky-new\xoo-wsc-container.php(54): Xoo_Helper->get_template('xoo-wsc-footer....')
#4 E:\wamp64\www\test02\wp-content\plugins\side-cart-woocommerce\includes\xoo-framework\class-xoo-helper.php(57): include('E:\\wamp64\\www\\t...')
#5 E:\wamp64\www\test02\wp-content\plugins\side-cart-woocommerce\templates\xoo-wsc-markup.php(24): Xoo_Helper->get_template('xoo-wsc-contain...')
#6 E:\wamp in E:\wamp64\www\test02\wp-content\plugins\side-cart-woocommerce\templates\global\footer\totals.php on line 39

2022-08-03T05:11:38+00:00 CRITICAL Uncaught Error: Call to a member function get_price() on null in E:\wamp64\www\test02\wp-content\plugins\side-cart-woocommerce\templates\global\footer\totals.php:37
Stack trace:
#0 E:\wamp64\www\test02\wp-content\plugins\side-cart-woocommerce\includes\xoo-framework\class-xoo-helper.php(57): include()
#1 E:\wamp64\www\test02\wp-content\plugins\side-cart-woocommerce\templates\xoo-wsc-footer.php(25): Xoo_Helper->get_template('global/footer/t...')
#2 E:\wamp64\www\test02\wp-content\plugins\side-cart-woocommerce\includes\xoo-framework\class-xoo-helper.php(57): include('E:\\wamp64\\www\\t...')
#3 E:\wamp64\www\test02\wp-content\themes\silky-new\xoo-wsc-container.php(54): Xoo_Helper->get_template('xoo-wsc-footer....')
#4 E:\wamp64\www\test02\wp-content\plugins\side-cart-woocommerce\includes\xoo-framework\class-xoo-helper.php(57): include('E:\\wamp64\\www\\t...')
#5 E:\wamp64\www\test02\wp-content\plugins\side-cart-woocommerce\templates\xoo-wsc-markup.php(24): Xoo_Helper->get_template('xoo-wsc-contain...')
#6 E:\wamp in E:\wamp64\www\test02\wp-content\plugins\side-cart-woocommerce\templates\global\footer\totals.php on line 37

2022-08-03T06:03:14+00:00 CRITICAL #!trpst#trp-gettext data-trpgettextoriginal=3689#!trpen#Uncaught Error: Call to undefined method Xoo_Wsc_Cart::get_totals() in E:\wamp64\www\test02\wp-content\plugins\side-cart-woocommerce\includes\class-xoo-wsc-template-args.php:269
Stack trace:
#0 E:\wamp64\www\test02\wp-content\plugins\side-cart-woocommerce\templates\global\footer\totals.php(20): Xoo_Wsc_Template_Args::footer_totals()
#1 E:\wamp64\www\test02\wp-content\plugins\side-cart-woocommerce\includes\xoo-framework\class-xoo-helper.php(57): include('E:\\wamp64\\www\\t...')
#2 E:\wamp64\www\test02\wp-content\plugins\side-cart-woocommerce\templates\xoo-wsc-footer.php(25): Xoo_Helper->get_template('global/footer/t...')
#3 E:\wamp64\www\test02\wp-content\plugins\side-cart-woocommerce\includes\xoo-framework\class-xoo-helper.php(57): include('E:\\wamp64\\www\\t...')
#4 E:\wamp64\www\test02\wp-content\themes\silky-new\xoo-wsc-container.php(54): Xoo_Helper->get_template('xoo-wsc-footer....')
#5 E:\wamp64\www\test02\wp-content\plugins\side-cart-woocommerce\includes\xoo-framework\class-xoo-helper.php(57): include(' in E:\wamp64\www\test02\wp-content\plugins\side-cart-woocommerce\includes\class-xoo-wsc-template-args.php on line 269#!trpst#/trp-gettext#!trpen#

2022-08-03T06:03:15+00:00 CRITICAL #!trpst#trp-gettext data-trpgettextoriginal=3689#!trpen#Uncaught Error: Call to undefined method Xoo_Wsc_Cart::get_totals() in E:\wamp64\www\test02\wp-content\plugins\side-cart-woocommerce\includes\class-xoo-wsc-template-args.php:269
Stack trace:
#0 E:\wamp64\www\test02\wp-content\plugins\side-cart-woocommerce\templates\global\footer\totals.php(20): Xoo_Wsc_Template_Args::footer_totals()
#1 E:\wamp64\www\test02\wp-content\plugins\side-cart-woocommerce\includes\xoo-framework\class-xoo-helper.php(57): include('E:\\wamp64\\www\\t...')
#2 E:\wamp64\www\test02\wp-content\plugins\side-cart-woocommerce\templates\xoo-wsc-footer.php(25): Xoo_Helper->get_template('global/footer/t...')
#3 E:\wamp64\www\test02\wp-content\plugins\side-cart-woocommerce\includes\xoo-framework\class-xoo-helper.php(57): include('E:\\wamp64\\www\\t...')
#4 E:\wamp64\www\test02\wp-content\themes\silky-new\xoo-wsc-container.php(54): Xoo_Helper->get_template('xoo-wsc-footer....')
#5 E:\wamp64\www\test02\wp-content\plugins\side-cart-woocommerce\includes\xoo-framework\class-xoo-helper.php(57): include(' in E:\wamp64\www\test02\wp-content\plugins\side-cart-woocommerce\includes\class-xoo-wsc-template-args.php on line 269#!trpst#/trp-gettext#!trpen#

2022-08-03T06:24:48+00:00 CRITICAL #!trpst#trp-gettext data-trpgettextoriginal=3689#!trpen#Uncaught Error: Call to a member function get_cart() on null in E:\wamp64\www\test02\wp-content\plugins\side-cart-woocommerce\templates\global\footer\totals.php:33
Stack trace:
#0 E:\wamp64\www\test02\wp-content\plugins\side-cart-woocommerce\includes\xoo-framework\class-xoo-helper.php(57): include()
#1 E:\wamp64\www\test02\wp-content\plugins\side-cart-woocommerce\templates\xoo-wsc-footer.php(25): Xoo_Helper->get_template('global/footer/t...')
#2 E:\wamp64\www\test02\wp-content\plugins\side-cart-woocommerce\includes\xoo-framework\class-xoo-helper.php(57): include('E:\\wamp64\\www\\t...')
#3 E:\wamp64\www\test02\wp-content\themes\silky-new\xoo-wsc-container.php(54): Xoo_Helper->get_template('xoo-wsc-footer....')
#4 E:\wamp64\www\test02\wp-content\plugins\side-cart-woocommerce\includes\xoo-framework\class-xoo-helper.php(57): include('E:\\wamp64\\www\\t...')
#5 E:\wamp64\www\test02\wp-content\plugins\side-cart-woocommerce\templates\xoo-wsc-markup.php(24): Xoo_Helper->get_template('xoo-wsc-contain...')
#6 E:\wamp6 in E:\wamp64\www\test02\wp-content\plugins\side-cart-woocommerce\templates\global\footer\totals.php on line 33#!trpst#/trp-gettext#!trpen#

2022-08-03T06:24:49+00:00 CRITICAL #!trpst#trp-gettext data-trpgettextoriginal=3689#!trpen#Uncaught Error: Call to a member function get_cart() on null in E:\wamp64\www\test02\wp-content\plugins\side-cart-woocommerce\templates\global\footer\totals.php:33
Stack trace:
#0 E:\wamp64\www\test02\wp-content\plugins\side-cart-woocommerce\includes\xoo-framework\class-xoo-helper.php(57): include()
#1 E:\wamp64\www\test02\wp-content\plugins\side-cart-woocommerce\templates\xoo-wsc-footer.php(25): Xoo_Helper->get_template('global/footer/t...')
#2 E:\wamp64\www\test02\wp-content\plugins\side-cart-woocommerce\includes\xoo-framework\class-xoo-helper.php(57): include('E:\\wamp64\\www\\t...')
#3 E:\wamp64\www\test02\wp-content\themes\silky-new\xoo-wsc-container.php(54): Xoo_Helper->get_template('xoo-wsc-footer....')
#4 E:\wamp64\www\test02\wp-content\plugins\side-cart-woocommerce\includes\xoo-framework\class-xoo-helper.php(57): include('E:\\wamp64\\www\\t...')
#5 E:\wamp64\www\test02\wp-content\plugins\side-cart-woocommerce\templates\xoo-wsc-markup.php(24): Xoo_Helper->get_template('xoo-wsc-contain...')
#6 E:\wamp6 in E:\wamp64\www\test02\wp-content\plugins\side-cart-woocommerce\templates\global\footer\totals.php on line 33#!trpst#/trp-gettext#!trpen#

2022-08-03T06:32:35+00:00 CRITICAL #!trpst#trp-gettext data-trpgettextoriginal=3689#!trpen#syntax error, unexpected '?>', expecting identifier (T_STRING) in E:\wamp64\www\test02\wp-content\plugins\side-cart-woocommerce\templates\global\footer\totals.php on line 58#!trpst#/trp-gettext#!trpen#

2022-08-03T06:32:36+00:00 CRITICAL #!trpst#trp-gettext data-trpgettextoriginal=3689#!trpen#syntax error, unexpected '?>', expecting identifier (T_STRING) in E:\wamp64\www\test02\wp-content\plugins\side-cart-woocommerce\templates\global\footer\totals.php on line 58#!trpst#/trp-gettext#!trpen#

2022-08-03T08:49:37+00:00 CRITICAL Uncaught Error: Call to a member function get_cart_total() on null in E:\wamp64\www\test02\wp-content\plugins\side-cart-woocommerce\templates\global\footer\totals.php:46
Stack trace:
#0 E:\wamp64\www\test02\wp-content\plugins\side-cart-woocommerce\includes\xoo-framework\class-xoo-helper.php(57): include()
#1 E:\wamp64\www\test02\wp-content\plugins\side-cart-woocommerce\templates\xoo-wsc-footer.php(25): Xoo_Helper->get_template('global/footer/t...')
#2 E:\wamp64\www\test02\wp-content\plugins\side-cart-woocommerce\includes\xoo-framework\class-xoo-helper.php(57): include('E:\\wamp64\\www\\t...')
#3 E:\wamp64\www\test02\wp-content\themes\silky-new\xoo-wsc-container.php(54): Xoo_Helper->get_template('xoo-wsc-footer....')
#4 E:\wamp64\www\test02\wp-content\plugins\side-cart-woocommerce\includes\xoo-framework\class-xoo-helper.php(57): include('E:\\wamp64\\www\\t...')
#5 E:\wamp64\www\test02\wp-content\plugins\side-cart-woocommerce\templates\xoo-wsc-markup.php(24): Xoo_Helper->get_template('xoo-wsc-contain...')
#6 E: in E:\wamp64\www\test02\wp-content\plugins\side-cart-woocommerce\templates\global\footer\totals.php on line 46

2022-08-03T08:53:18+00:00 CRITICAL Uncaught Error: Object of class WooCommerce could not be converted to string in E:\wamp64\www\test02\wp-content\plugins\side-cart-woocommerce\templates\global\footer\totals.php:52
Stack trace:
#0 E:\wamp64\www\test02\wp-content\plugins\side-cart-woocommerce\includes\xoo-framework\class-xoo-helper.php(57): include()
#1 E:\wamp64\www\test02\wp-content\plugins\side-cart-woocommerce\templates\xoo-wsc-footer.php(25): Xoo_Helper->get_template('global/footer/t...')
#2 E:\wamp64\www\test02\wp-content\plugins\side-cart-woocommerce\includes\xoo-framework\class-xoo-helper.php(57): include('E:\\wamp64\\www\\t...')
#3 E:\wamp64\www\test02\wp-content\themes\silky-new\xoo-wsc-container.php(54): Xoo_Helper->get_template('xoo-wsc-footer....')
#4 E:\wamp64\www\test02\wp-content\plugins\side-cart-woocommerce\includes\xoo-framework\class-xoo-helper.php(57): include('E:\\wamp64\\www\\t...')
#5 E:\wamp64\www\test02\wp-content\plugins\side-cart-woocommerce\templates\xoo-wsc-markup.php(24): Xoo_Helper->get_template('xoo-wsc-contain. in E:\wamp64\www\test02\wp-content\plugins\side-cart-woocommerce\templates\global\footer\totals.php on line 52

2022-08-03T08:55:34+00:00 CRITICAL Uncaught Error: Object of class WooCommerce could not be converted to string in E:\wamp64\www\test02\wp-content\plugins\side-cart-woocommerce\templates\global\footer\totals.php:52
Stack trace:
#0 E:\wamp64\www\test02\wp-content\plugins\side-cart-woocommerce\includes\xoo-framework\class-xoo-helper.php(57): include()
#1 E:\wamp64\www\test02\wp-content\plugins\side-cart-woocommerce\templates\xoo-wsc-footer.php(25): Xoo_Helper->get_template('global/footer/t...')
#2 E:\wamp64\www\test02\wp-content\plugins\side-cart-woocommerce\includes\xoo-framework\class-xoo-helper.php(57): include('E:\\wamp64\\www\\t...')
#3 E:\wamp64\www\test02\wp-content\themes\silky-new\xoo-wsc-container.php(54): Xoo_Helper->get_template('xoo-wsc-footer....')
#4 E:\wamp64\www\test02\wp-content\plugins\side-cart-woocommerce\includes\xoo-framework\class-xoo-helper.php(57): include('E:\\wamp64\\www\\t...')
#5 E:\wamp64\www\test02\wp-content\plugins\side-cart-woocommerce\templates\xoo-wsc-markup.php(24): Xoo_Helper->get_template('xoo-wsc-contain. in E:\wamp64\www\test02\wp-content\plugins\side-cart-woocommerce\templates\global\footer\totals.php on line 52

2022-08-03T10:54:30+00:00 CRITICAL syntax error, unexpected '3' (T_LNUMBER) in E:\wamp64\www\test02\wp-content\themes\silky-new\functions.php on line 373

