2022-06-28T02:19:33+00:00 CRITICAL Uncaught Error: Call to a member function get_gallery_image_ids() on bool in C:\xampp\htdocs\test02\wp-content\themes\understrap-silkyvn\functions.php:185
Stack trace:
#0 C:\xampp\htdocs\test02\wp-includes\class-wp-hook.php(307): add_on_hover_shop_loop_image('')
#1 C:\xampp\htdocs\test02\wp-includes\class-wp-hook.php(331): WP_Hook->apply_filters(NULL, Array)
#2 C:\xampp\htdocs\test02\wp-includes\plugin.php(476): WP_Hook->do_action(Array)
#3 C:\xampp\htdocs\test02\wp-content\themes\understrap-silkyvn\woocommerce\content-product.php(42): do_action('woocommerce_bef...')
#4 C:\xampp\htdocs\test02\wp-includes\template.php(772): require('C:\\xampp\\htdocs...')
#5 C:\xampp\htdocs\test02\wp-content\plugins\woocommerce\includes\wc-core-functions.php(284): load_template('C:\\xampp\\htdocs...', false)
#6 C:\xampp\htdocs\test02\wp-content\themes\understrap-silkyvn\woocommerce\single-product\up-sells.php(42): wc_get_template_part('content', 'product')
#7 C:\xampp\htdocs\test02\wp-content\plugins\woocommerce\includes\wc-core-functions.php(345): include('C:\\xampp\\htdocs...')
#8 C:\xampp\htdocs\test02\wp-content\plugins\woocommerce\includes\wc-template-functions.php(2086): wc_get_template('single-product/...', Array)
#9 C:\xampp\htdocs\test02\wp-includes\class-wp-hook.php(307): woocommerce_upsell_display('')
#10 C:\xampp\htdocs\test02\wp-includes\class-wp-hook.php(331): WP_Hook->apply_filters(NULL, Array)
#11 C:\xampp\htdocs\test02\wp-includes\plugin.php(476): WP_Hook->do_action(Array)
#12 C:\xampp\htdocs\test02\wp-content\themes\understrap-silkyvn\woocommerce\content-single-product.php(74): do_action('woocommerce_aft...')
#13 C:\xampp\htdocs\test02\wp-includes\template.php(772): require('C:\\xampp\\htdocs...')
#14 C:\xampp\htdocs\test02\wp-content\plugins\woocommerce\includes\wc-core-functions.php(284): load_template('C:\\xampp\\htdocs...', false)
#15 C:\xampp\htdocs\test02\wp-content\plugins\woocommerce\templates\single-product.php(38): wc_get_template_part('content', 'single-product')
#16 C:\xampp\htdocs\test02\wp-includes\template-loader.php(106): include('C:\\xampp\\htdocs...')
#17 C:\xampp\htdocs\test02\wp-blog-header.php(19): require_once('C:\\xampp\\htdocs...')
#18 C:\xampp\htdocs\test02\index.php(17): require('C:\\xampp\\htdocs...')
#19 {main}
  thrown in C:\xampp\htdocs\test02\wp-content\themes\understrap-silkyvn\functions.php on line 185

2022-06-28T02:32:24+00:00 CRITICAL Uncaught Error: Call to a member function get_gallery_image_ids() on bool in C:\xampp\htdocs\test02\wp-content\themes\understrap-silkyvn\functions.php:185
Stack trace:
#0 C:\xampp\htdocs\test02\wp-includes\class-wp-hook.php(307): add_on_hover_shop_loop_image('')
#1 C:\xampp\htdocs\test02\wp-includes\class-wp-hook.php(331): WP_Hook->apply_filters(NULL, Array)
#2 C:\xampp\htdocs\test02\wp-includes\plugin.php(476): WP_Hook->do_action(Array)
#3 C:\xampp\htdocs\test02\wp-content\themes\understrap-silkyvn\woocommerce\content-product.php(42): do_action('woocommerce_bef...')
#4 C:\xampp\htdocs\test02\wp-includes\template.php(772): require('C:\\xampp\\htdocs...')
#5 C:\xampp\htdocs\test02\wp-content\plugins\woocommerce\includes\wc-core-functions.php(284): load_template('C:\\xampp\\htdocs...', false)
#6 C:\xampp\htdocs\test02\wp-content\themes\understrap-silkyvn\woocommerce\single-product\up-sells.php(42): wc_get_template_part('content', 'product')
#7 C:\xampp\htdocs\test02\wp-content\plugins\woocommerce\includes\wc-core-functions.php(345): include('C:\\xampp\\htdocs...')
#8 C:\xampp\htdocs\test02\wp-content\plugins\woocommerce\includes\wc-template-functions.php(2086): wc_get_template('single-product/...', Array)
#9 C:\xampp\htdocs\test02\wp-includes\class-wp-hook.php(307): woocommerce_upsell_display('')
#10 C:\xampp\htdocs\test02\wp-includes\class-wp-hook.php(331): WP_Hook->apply_filters(NULL, Array)
#11 C:\xampp\htdocs\test02\wp-includes\plugin.php(476): WP_Hook->do_action(Array)
#12 C:\xampp\htdocs\test02\wp-content\themes\understrap-silkyvn\woocommerce\content-single-product.php(74): do_action('woocommerce_aft...')
#13 C:\xampp\htdocs\test02\wp-includes\template.php(772): require('C:\\xampp\\htdocs...')
#14 C:\xampp\htdocs\test02\wp-content\plugins\woocommerce\includes\wc-core-functions.php(284): load_template('C:\\xampp\\htdocs...', false)
#15 C:\xampp\htdocs\test02\wp-content\plugins\woocommerce\templates\single-product.php(38): wc_get_template_part('content', 'single-product')
#16 C:\xampp\htdocs\test02\wp-includes\template-loader.php(106): include('C:\\xampp\\htdocs...')
#17 C:\xampp\htdocs\test02\wp-blog-header.php(19): require_once('C:\\xampp\\htdocs...')
#18 C:\xampp\htdocs\test02\index.php(17): require('C:\\xampp\\htdocs...')
#19 {main}
  thrown in C:\xampp\htdocs\test02\wp-content\themes\understrap-silkyvn\functions.php on line 185

2022-06-28T02:32:49+00:00 CRITICAL Uncaught Error: Call to a member function get_gallery_image_ids() on bool in C:\xampp\htdocs\test02\wp-content\themes\understrap-silkyvn\functions.php:185
Stack trace:
#0 C:\xampp\htdocs\test02\wp-includes\class-wp-hook.php(307): add_on_hover_shop_loop_image('')
#1 C:\xampp\htdocs\test02\wp-includes\class-wp-hook.php(331): WP_Hook->apply_filters(NULL, Array)
#2 C:\xampp\htdocs\test02\wp-includes\plugin.php(476): WP_Hook->do_action(Array)
#3 C:\xampp\htdocs\test02\wp-content\themes\understrap-silkyvn\woocommerce\content-product.php(42): do_action('woocommerce_bef...')
#4 C:\xampp\htdocs\test02\wp-includes\template.php(772): require('C:\\xampp\\htdocs...')
#5 C:\xampp\htdocs\test02\wp-content\plugins\woocommerce\includes\wc-core-functions.php(284): load_template('C:\\xampp\\htdocs...', false)
#6 C:\xampp\htdocs\test02\wp-content\themes\understrap-silkyvn\woocommerce\single-product\up-sells.php(42): wc_get_template_part('content', 'product')
#7 C:\xampp\htdocs\test02\wp-content\plugins\woocommerce\includes\wc-core-functions.php(345): include('C:\\xampp\\htdocs...')
#8 C:\xampp\htdocs\test02\wp-content\plugins\woocommerce\includes\wc-template-functions.php(2086): wc_get_template('single-product/...', Array)
#9 C:\xampp\htdocs\test02\wp-includes\class-wp-hook.php(307): woocommerce_upsell_display('')
#10 C:\xampp\htdocs\test02\wp-includes\class-wp-hook.php(331): WP_Hook->apply_filters(NULL, Array)
#11 C:\xampp\htdocs\test02\wp-includes\plugin.php(476): WP_Hook->do_action(Array)
#12 C:\xampp\htdocs\test02\wp-content\themes\understrap-silkyvn\woocommerce\content-single-product.php(74): do_action('woocommerce_aft...')
#13 C:\xampp\htdocs\test02\wp-includes\template.php(772): require('C:\\xampp\\htdocs...')
#14 C:\xampp\htdocs\test02\wp-content\plugins\woocommerce\includes\wc-core-functions.php(284): load_template('C:\\xampp\\htdocs...', false)
#15 C:\xampp\htdocs\test02\wp-content\plugins\woocommerce\templates\single-product.php(38): wc_get_template_part('content', 'single-product')
#16 C:\xampp\htdocs\test02\wp-includes\template-loader.php(106): include('C:\\xampp\\htdocs...')
#17 C:\xampp\htdocs\test02\wp-blog-header.php(19): require_once('C:\\xampp\\htdocs...')
#18 C:\xampp\htdocs\test02\index.php(17): require('C:\\xampp\\htdocs...')
#19 {main}
  thrown in C:\xampp\htdocs\test02\wp-content\themes\understrap-silkyvn\functions.php on line 185

2022-06-28T02:33:33+00:00 CRITICAL Uncaught Error: Call to a member function get_gallery_image_ids() on bool in C:\xampp\htdocs\test02\wp-content\themes\understrap-silkyvn\functions.php:185
Stack trace:
#0 C:\xampp\htdocs\test02\wp-includes\class-wp-hook.php(307): add_on_hover_shop_loop_image('')
#1 C:\xampp\htdocs\test02\wp-includes\class-wp-hook.php(331): WP_Hook->apply_filters(NULL, Array)
#2 C:\xampp\htdocs\test02\wp-includes\plugin.php(476): WP_Hook->do_action(Array)
#3 C:\xampp\htdocs\test02\wp-content\themes\understrap-silkyvn\woocommerce\content-product.php(42): do_action('woocommerce_bef...')
#4 C:\xampp\htdocs\test02\wp-includes\template.php(772): require('C:\\xampp\\htdocs...')
#5 C:\xampp\htdocs\test02\wp-content\plugins\woocommerce\includes\wc-core-functions.php(284): load_template('C:\\xampp\\htdocs...', false)
#6 C:\xampp\htdocs\test02\wp-content\themes\understrap-silkyvn\woocommerce\single-product\up-sells.php(42): wc_get_template_part('content', 'product')
#7 C:\xampp\htdocs\test02\wp-content\plugins\woocommerce\includes\wc-core-functions.php(345): include('C:\\xampp\\htdocs...')
#8 C:\xampp\htdocs\test02\wp-content\plugins\woocommerce\includes\wc-template-functions.php(2086): wc_get_template('single-product/...', Array)
#9 C:\xampp\htdocs\test02\wp-includes\class-wp-hook.php(307): woocommerce_upsell_display('')
#10 C:\xampp\htdocs\test02\wp-includes\class-wp-hook.php(331): WP_Hook->apply_filters(NULL, Array)
#11 C:\xampp\htdocs\test02\wp-includes\plugin.php(476): WP_Hook->do_action(Array)
#12 C:\xampp\htdocs\test02\wp-content\themes\understrap-silkyvn\woocommerce\content-single-product.php(74): do_action('woocommerce_aft...')
#13 C:\xampp\htdocs\test02\wp-includes\template.php(772): require('C:\\xampp\\htdocs...')
#14 C:\xampp\htdocs\test02\wp-content\plugins\woocommerce\includes\wc-core-functions.php(284): load_template('C:\\xampp\\htdocs...', false)
#15 C:\xampp\htdocs\test02\wp-content\plugins\woocommerce\templates\single-product.php(38): wc_get_template_part('content', 'single-product')
#16 C:\xampp\htdocs\test02\wp-includes\template-loader.php(106): include('C:\\xampp\\htdocs...')
#17 C:\xampp\htdocs\test02\wp-blog-header.php(19): require_once('C:\\xampp\\htdocs...')
#18 C:\xampp\htdocs\test02\index.php(17): require('C:\\xampp\\htdocs...')
#19 {main}
  thrown in C:\xampp\htdocs\test02\wp-content\themes\understrap-silkyvn\functions.php on line 185

2022-06-28T02:35:05+00:00 CRITICAL Out of memory (allocated 71303168) (tried to allocate 20480 bytes) in C:\xampp\htdocs\test02\wp-content\plugins\jetpack\extensions\blocks\contact-info\class-jetpack-contact-info-block.php on line 31

2022-06-28T02:35:06+00:00 CRITICAL Out of memory (allocated 73400320) (tried to allocate 32768 bytes) in C:\xampp\htdocs\test02\wp-content\plugins\woocommerce\src\Internal\Admin\Settings.php on line 1

2022-06-28T02:35:43+00:00 CRITICAL Uncaught Error: Call to a member function get_gallery_image_ids() on bool in C:\xampp\htdocs\test02\wp-content\themes\understrap-silkyvn\functions.php:185
Stack trace:
#0 C:\xampp\htdocs\test02\wp-includes\class-wp-hook.php(307): add_on_hover_shop_loop_image('')
#1 C:\xampp\htdocs\test02\wp-includes\class-wp-hook.php(331): WP_Hook->apply_filters(NULL, Array)
#2 C:\xampp\htdocs\test02\wp-includes\plugin.php(476): WP_Hook->do_action(Array)
#3 C:\xampp\htdocs\test02\wp-content\themes\understrap-silkyvn\woocommerce\content-product.php(42): do_action('woocommerce_bef...')
#4 C:\xampp\htdocs\test02\wp-includes\template.php(772): require('C:\\xampp\\htdocs...')
#5 C:\xampp\htdocs\test02\wp-content\plugins\woocommerce\includes\wc-core-functions.php(284): load_template('C:\\xampp\\htdocs...', false)
#6 C:\xampp\htdocs\test02\wp-content\themes\understrap-silkyvn\woocommerce\single-product\up-sells.php(42): wc_get_template_part('content', 'product')
#7 C:\xampp\htdocs\test02\wp-content\plugins\woocommerce\includes\wc-core-functions.php(345): include('C:\\xampp\\htdocs...')
#8 C:\xampp\htdocs\test02\wp-content\plugins\woocommerce\includes\wc-template-functions.php(2086): wc_get_template('single-product/...', Array)
#9 C:\xampp\htdocs\test02\wp-includes\class-wp-hook.php(307): woocommerce_upsell_display('')
#10 C:\xampp\htdocs\test02\wp-includes\class-wp-hook.php(331): WP_Hook->apply_filters(NULL, Array)
#11 C:\xampp\htdocs\test02\wp-includes\plugin.php(476): WP_Hook->do_action(Array)
#12 C:\xampp\htdocs\test02\wp-content\themes\understrap-silkyvn\woocommerce\content-single-product.php(74): do_action('woocommerce_aft...')
#13 C:\xampp\htdocs\test02\wp-includes\template.php(772): require('C:\\xampp\\htdocs...')
#14 C:\xampp\htdocs\test02\wp-content\plugins\woocommerce\includes\wc-core-functions.php(284): load_template('C:\\xampp\\htdocs...', false)
#15 C:\xampp\htdocs\test02\wp-content\plugins\woocommerce\templates\single-product.php(38): wc_get_template_part('content', 'single-product')
#16 C:\xampp\htdocs\test02\wp-includes\template-loader.php(106): include('C:\\xampp\\htdocs...')
#17 C:\xampp\htdocs\test02\wp-blog-header.php(19): require_once('C:\\xampp\\htdocs...')
#18 C:\xampp\htdocs\test02\index.php(17): require('C:\\xampp\\htdocs...')
#19 {main}
  thrown in C:\xampp\htdocs\test02\wp-content\themes\understrap-silkyvn\functions.php on line 185

2022-06-28T02:36:25+00:00 CRITICAL Uncaught Error: Call to a member function get_gallery_image_ids() on bool in C:\xampp\htdocs\test02\wp-content\themes\understrap-silkyvn\functions.php:185
Stack trace:
#0 C:\xampp\htdocs\test02\wp-includes\class-wp-hook.php(307): add_on_hover_shop_loop_image('')
#1 C:\xampp\htdocs\test02\wp-includes\class-wp-hook.php(331): WP_Hook->apply_filters(NULL, Array)
#2 C:\xampp\htdocs\test02\wp-includes\plugin.php(476): WP_Hook->do_action(Array)
#3 C:\xampp\htdocs\test02\wp-content\themes\understrap-silkyvn\woocommerce\content-product.php(42): do_action('woocommerce_bef...')
#4 C:\xampp\htdocs\test02\wp-includes\template.php(772): require('C:\\xampp\\htdocs...')
#5 C:\xampp\htdocs\test02\wp-content\plugins\woocommerce\includes\wc-core-functions.php(284): load_template('C:\\xampp\\htdocs...', false)
#6 C:\xampp\htdocs\test02\wp-content\themes\understrap-silkyvn\woocommerce\single-product\up-sells.php(42): wc_get_template_part('content', 'product')
#7 C:\xampp\htdocs\test02\wp-content\plugins\woocommerce\includes\wc-core-functions.php(345): include('C:\\xampp\\htdocs...')
#8 C:\xampp\htdocs\test02\wp-content\plugins\woocommerce\includes\wc-template-functions.php(2086): wc_get_template('single-product/...', Array)
#9 C:\xampp\htdocs\test02\wp-includes\class-wp-hook.php(307): woocommerce_upsell_display('')
#10 C:\xampp\htdocs\test02\wp-includes\class-wp-hook.php(331): WP_Hook->apply_filters(NULL, Array)
#11 C:\xampp\htdocs\test02\wp-includes\plugin.php(476): WP_Hook->do_action(Array)
#12 C:\xampp\htdocs\test02\wp-content\themes\understrap-silkyvn\woocommerce\content-single-product.php(74): do_action('woocommerce_aft...')
#13 C:\xampp\htdocs\test02\wp-includes\template.php(772): require('C:\\xampp\\htdocs...')
#14 C:\xampp\htdocs\test02\wp-content\plugins\woocommerce\includes\wc-core-functions.php(284): load_template('C:\\xampp\\htdocs...', false)
#15 C:\xampp\htdocs\test02\wp-content\plugins\woocommerce\templates\single-product.php(38): wc_get_template_part('content', 'single-product')
#16 C:\xampp\htdocs\test02\wp-includes\template-loader.php(106): include('C:\\xampp\\htdocs...')
#17 C:\xampp\htdocs\test02\wp-blog-header.php(19): require_once('C:\\xampp\\htdocs...')
#18 C:\xampp\htdocs\test02\index.php(17): require('C:\\xampp\\htdocs...')
#19 {main}
  thrown in C:\xampp\htdocs\test02\wp-content\themes\understrap-silkyvn\functions.php on line 185

2022-06-28T02:40:06+00:00 CRITICAL Uncaught Error: Call to a member function get_gallery_image_ids() on bool in C:\xampp\htdocs\test02\wp-content\themes\understrap-silkyvn\functions.php:188
Stack trace:
#0 C:\xampp\htdocs\test02\wp-includes\class-wp-hook.php(307): add_on_hover_shop_loop_image('')
#1 C:\xampp\htdocs\test02\wp-includes\class-wp-hook.php(331): WP_Hook->apply_filters(NULL, Array)
#2 C:\xampp\htdocs\test02\wp-includes\plugin.php(476): WP_Hook->do_action(Array)
#3 C:\xampp\htdocs\test02\wp-content\themes\understrap-silkyvn\woocommerce\content-product.php(42): do_action('woocommerce_bef...')
#4 C:\xampp\htdocs\test02\wp-includes\template.php(772): require('C:\\xampp\\htdocs...')
#5 C:\xampp\htdocs\test02\wp-content\plugins\woocommerce\includes\wc-core-functions.php(284): load_template('C:\\xampp\\htdocs...', false)
#6 C:\xampp\htdocs\test02\wp-content\themes\understrap-silkyvn\woocommerce\single-product\up-sells.php(42): wc_get_template_part('content', 'product')
#7 C:\xampp\htdocs\test02\wp-content\plugins\woocommerce\includes\wc-core-functions.php(345): include('C:\\xampp\\htdocs...')
#8 C:\xampp\htdocs\test02\wp-content\plugins\woocommerce\includes\wc-template-functions.php(2086): wc_get_template('single-product/...', Array)
#9 C:\xampp\htdocs\test02\wp-includes\class-wp-hook.php(307): woocommerce_upsell_display('')
#10 C:\xampp\htdocs\test02\wp-includes\class-wp-hook.php(331): WP_Hook->apply_filters(NULL, Array)
#11 C:\xampp\htdocs\test02\wp-includes\plugin.php(476): WP_Hook->do_action(Array)
#12 C:\xampp\htdocs\test02\wp-content\themes\understrap-silkyvn\woocommerce\content-single-product.php(74): do_action('woocommerce_aft...')
#13 C:\xampp\htdocs\test02\wp-includes\template.php(772): require('C:\\xampp\\htdocs...')
#14 C:\xampp\htdocs\test02\wp-content\plugins\woocommerce\includes\wc-core-functions.php(284): load_template('C:\\xampp\\htdocs...', false)
#15 C:\xampp\htdocs\test02\wp-content\plugins\woocommerce\templates\single-product.php(38): wc_get_template_part('content', 'single-product')
#16 C:\xampp\htdocs\test02\wp-includes\template-loader.php(106): include('C:\\xampp\\htdocs...')
#17 C:\xampp\htdocs\test02\wp-blog-header.php(19): require_once('C:\\xampp\\htdocs...')
#18 C:\xampp\htdocs\test02\index.php(17): require('C:\\xampp\\htdocs...')
#19 {main}
  thrown in C:\xampp\htdocs\test02\wp-content\themes\understrap-silkyvn\functions.php on line 188

2022-06-28T03:37:26+00:00 CRITICAL Uncaught Error: Using $this when not in object context in C:\xampp\htdocs\test02\wp-content\themes\understrap-silkyvn\woocommerce\content-product.php:26
Stack trace:
#0 C:\xampp\htdocs\test02\wp-includes\template.php(772): require()
#1 C:\xampp\htdocs\test02\wp-content\plugins\woocommerce\includes\wc-core-functions.php(284): load_template('C:\\xampp\\htdocs...', false)
#2 C:\xampp\htdocs\test02\wp-content\themes\understrap-silkyvn\woocommerce\archive-product.php(71): wc_get_template_part('content', 'product')
#3 C:\xampp\htdocs\test02\wp-includes\template-loader.php(106): include('C:\\xampp\\htdocs...')
#4 C:\xampp\htdocs\test02\wp-blog-header.php(19): require_once('C:\\xampp\\htdocs...')
#5 C:\xampp\htdocs\test02\index.php(17): require('C:\\xampp\\htdocs...')
#6 {main}
  thrown in C:\xampp\htdocs\test02\wp-content\themes\understrap-silkyvn\woocommerce\content-product.php on line 26

2022-06-28T03:40:16+00:00 CRITICAL Uncaught Error: Using $this when not in object context in C:\xampp\htdocs\test02\wp-content\themes\understrap-silkyvn\functions.php:204
Stack trace:
#0 C:\xampp\htdocs\test02\wp-settings.php(566): include()
#1 C:\xampp\htdocs\test02\wp-config.php(96): require_once('C:\\xampp\\htdocs...')
#2 C:\xampp\htdocs\test02\wp-load.php(50): require_once('C:\\xampp\\htdocs...')
#3 C:\xampp\htdocs\test02\wp-blog-header.php(13): require_once('C:\\xampp\\htdocs...')
#4 C:\xampp\htdocs\test02\index.php(17): require('C:\\xampp\\htdocs...')
#5 {main}
  thrown in C:\xampp\htdocs\test02\wp-content\themes\understrap-silkyvn\functions.php on line 204

2022-06-28T03:42:09+00:00 CRITICAL Uncaught Error: Using $this when not in object context in C:\xampp\htdocs\test02\wp-content\themes\understrap-silkyvn\functions.php:204
Stack trace:
#0 C:\xampp\htdocs\test02\wp-settings.php(566): include()
#1 C:\xampp\htdocs\test02\wp-config.php(96): require_once('C:\\xampp\\htdocs...')
#2 C:\xampp\htdocs\test02\wp-load.php(50): require_once('C:\\xampp\\htdocs...')
#3 C:\xampp\htdocs\test02\wp-blog-header.php(13): require_once('C:\\xampp\\htdocs...')
#4 C:\xampp\htdocs\test02\index.php(17): require('C:\\xampp\\htdocs...')
#5 {main}
  thrown in C:\xampp\htdocs\test02\wp-content\themes\understrap-silkyvn\functions.php on line 204

2022-06-28T03:42:12+00:00 CRITICAL Uncaught Error: Using $this when not in object context in C:\xampp\htdocs\test02\wp-content\themes\understrap-silkyvn\functions.php:204
Stack trace:
#0 C:\xampp\htdocs\test02\wp-settings.php(566): include()
#1 C:\xampp\htdocs\test02\wp-config.php(96): require_once('C:\\xampp\\htdocs...')
#2 C:\xampp\htdocs\test02\wp-load.php(50): require_once('C:\\xampp\\htdocs...')
#3 C:\xampp\htdocs\test02\wp-blog-header.php(13): require_once('C:\\xampp\\htdocs...')
#4 C:\xampp\htdocs\test02\index.php(17): require('C:\\xampp\\htdocs...')
#5 {main}
  thrown in C:\xampp\htdocs\test02\wp-content\themes\understrap-silkyvn\functions.php on line 204

2022-06-28T03:44:02+00:00 CRITICAL Uncaught Error: Using $this when not in object context in C:\xampp\htdocs\test02\wp-content\themes\understrap-silkyvn\functions.php:204
Stack trace:
#0 C:\xampp\htdocs\test02\wp-settings.php(566): include()
#1 C:\xampp\htdocs\test02\wp-config.php(96): require_once('C:\\xampp\\htdocs...')
#2 C:\xampp\htdocs\test02\wp-load.php(50): require_once('C:\\xampp\\htdocs...')
#3 C:\xampp\htdocs\test02\wp-admin\admin-ajax.php(22): require_once('C:\\xampp\\htdocs...')
#4 {main}
  thrown in C:\xampp\htdocs\test02\wp-content\themes\understrap-silkyvn\functions.php on line 204

2022-06-28T03:45:02+00:00 CRITICAL Uncaught Error: Using $this when not in object context in C:\xampp\htdocs\test02\wp-content\themes\understrap-silkyvn\functions.php:204
Stack trace:
#0 C:\xampp\htdocs\test02\wp-settings.php(566): include()
#1 C:\xampp\htdocs\test02\wp-config.php(96): require_once('C:\\xampp\\htdocs...')
#2 C:\xampp\htdocs\test02\wp-load.php(50): require_once('C:\\xampp\\htdocs...')
#3 C:\xampp\htdocs\test02\wp-admin\admin-ajax.php(22): require_once('C:\\xampp\\htdocs...')
#4 {main}
  thrown in C:\xampp\htdocs\test02\wp-content\themes\understrap-silkyvn\functions.php on line 204

2022-06-28T03:47:03+00:00 CRITICAL Uncaught Error: Using $this when not in object context in C:\xampp\htdocs\test02\wp-content\themes\understrap-silkyvn\functions.php:204
Stack trace:
#0 C:\xampp\htdocs\test02\wp-settings.php(566): include()
#1 C:\xampp\htdocs\test02\wp-config.php(96): require_once('C:\\xampp\\htdocs...')
#2 C:\xampp\htdocs\test02\wp-load.php(50): require_once('C:\\xampp\\htdocs...')
#3 C:\xampp\htdocs\test02\wp-admin\admin-ajax.php(22): require_once('C:\\xampp\\htdocs...')
#4 {main}
  thrown in C:\xampp\htdocs\test02\wp-content\themes\understrap-silkyvn\functions.php on line 204

2022-06-28T03:49:04+00:00 CRITICAL Uncaught Error: Using $this when not in object context in C:\xampp\htdocs\test02\wp-content\themes\understrap-silkyvn\functions.php:204
Stack trace:
#0 C:\xampp\htdocs\test02\wp-settings.php(566): include()
#1 C:\xampp\htdocs\test02\wp-config.php(96): require_once('C:\\xampp\\htdocs...')
#2 C:\xampp\htdocs\test02\wp-load.php(50): require_once('C:\\xampp\\htdocs...')
#3 C:\xampp\htdocs\test02\wp-admin\admin-ajax.php(22): require_once('C:\\xampp\\htdocs...')
#4 {main}
  thrown in C:\xampp\htdocs\test02\wp-content\themes\understrap-silkyvn\functions.php on line 204

2022-06-28T03:50:44+00:00 CRITICAL Uncaught Error: Using $this when not in object context in C:\xampp\htdocs\test02\wp-content\themes\understrap-silkyvn\functions.php:204
Stack trace:
#0 C:\xampp\htdocs\test02\wp-settings.php(566): include()
#1 C:\xampp\htdocs\test02\wp-config.php(96): require_once('C:\\xampp\\htdocs...')
#2 C:\xampp\htdocs\test02\wp-load.php(50): require_once('C:\\xampp\\htdocs...')
#3 C:\xampp\htdocs\test02\wp-blog-header.php(13): require_once('C:\\xampp\\htdocs...')
#4 C:\xampp\htdocs\test02\index.php(17): require('C:\\xampp\\htdocs...')
#5 {main}
  thrown in C:\xampp\htdocs\test02\wp-content\themes\understrap-silkyvn\functions.php on line 204

