2022-07-26T09:57:57+00:00 INFO Doing Task:set_settings
2022-07-26T09:57:57+00:00 INFO Task Done:set_settings
2022-07-26T09:57:57+00:00 INFO Doing Task:create_default_lists
2022-07-26T09:57:57+00:00 INFO Task Failed:create_default_lists
2022-07-26T09:57:57+00:00 INFO Doing Task:create_contacts_and_add_to_list
2022-07-26T09:57:57+00:00 INFO Task Failed:create_contacts_and_add_to_list
2022-07-26T09:57:57+00:00 INFO Doing Task:add_default_workflows
2022-07-26T09:57:57+00:00 INFO Task Failed:add_default_workflows
2022-07-26T09:57:57+00:00 INFO Doing Task:create_default_newsletter_broadcast
2022-07-26T09:57:57+00:00 INFO Task Failed:create_default_newsletter_broadcast
2022-07-26T09:57:57+00:00 INFO Doing Task:create_default_post_notification
2022-07-26T09:57:57+00:00 INFO Task Failed:create_default_post_notification
2022-07-26T09:57:57+00:00 INFO Doing Task:create_default_subscription_form
2022-07-26T09:57:57+00:00 INFO Task Failed:create_default_subscription_form
2022-07-26T09:57:57+00:00 INFO Doing Task:add_widget_to_sidebar
2022-07-26T09:57:57+00:00 INFO Task Failed:add_widget_to_sidebar
2022-07-26T09:58:11+00:00 INFO Doing Task:subscribe_to_es
2022-07-26T09:58:14+00:00 INFO Task Done:subscribe_to_es
2022-07-26T09:58:14+00:00 INFO Doing Task:save_final_configuration
2022-07-26T09:58:14+00:00 INFO Task Done:save_final_configuration
